{"/Users/phucla/training/react-training/RN-rxjs/App.tsx": {"path":"/Users/phucla/training/react-training/RN-rxjs/App.tsx","statementMap":{"0":{"start":{"line":11,"column":0},"end":{"line":17,"column":3}},"1":{"start":{"line":12,"column":35},"end":{"line":16,"column":3}},"2":{"start":{"line":20,"column":28},"end":{"line":20,"column":48}},"3":{"start":{"line":21,"column":22},"end":{"line":21,"column":38}},"4":{"start":{"line":23,"column":2},"end":{"line":25,"column":8}},"5":{"start":{"line":24,"column":4},"end":{"line":24,"column":87}},"6":{"start":{"line":30,"column":38},"end":{"line":32,"column":5}},"7":{"start":{"line":31,"column":4},"end":{"line":31,"column":26}},"8":{"start":{"line":33,"column":2},"end":{"line":45,"column":3}},"9":{"start":{"line":34,"column":4},"end":{"line":34,"column":16}},"10":{"start":{"line":36,"column":4},"end":{"line":44,"column":6}}},"fnMap":{"0":{"name":"(anonymous_0)","decl":{"start":{"line":12,"column":22},"end":{"line":12,"column":23}},"loc":{"start":{"line":12,"column":35},"end":{"line":16,"column":3}},"line":12},"1":{"name":"App","decl":{"start":{"line":19,"column":24},"end":{"line":19,"column":27}},"loc":{"start":{"line":19,"column":30},"end":{"line":46,"column":1}},"line":19},"2":{"name":"(anonymous_2)","decl":{"start":{"line":23,"column":12},"end":{"line":23,"column":13}},"loc":{"start":{"line":23,"column":18},"end":{"line":25,"column":3}},"line":23},"3":{"name":"(anonymous_3)","decl":{"start":{"line":30,"column":38},"end":{"line":30,"column":39}},"loc":{"start":{"line":30,"column":50},"end":{"line":32,"column":5}},"line":30}},"branchMap":{"0":{"loc":{"start":{"line":33,"column":2},"end":{"line":45,"column":3}},"type":"if","locations":[{"start":{"line":33,"column":2},"end":{"line":45,"column":3}},{"start":{"line":33,"column":2},"end":{"line":45,"column":3}}],"line":33}},"s":{"0":0,"1":0,"2":0,"3":0,"4":0,"5":0,"6":0,"7":0,"8":0,"9":0,"10":0},"f":{"0":0,"1":0,"2":0,"3":0},"b":{"0":[0,0]}}
,"/Users/phucla/training/react-training/RN-rxjs/babel.config.js": {"path":"/Users/phucla/training/react-training/RN-rxjs/babel.config.js","statementMap":{"0":{"start":{"line":1,"column":0},"end":{"line":6,"column":2}},"1":{"start":{"line":2,"column":2},"end":{"line":2,"column":18}},"2":{"start":{"line":3,"column":2},"end":{"line":5,"column":4}}},"fnMap":{"0":{"name":"(anonymous_0)","decl":{"start":{"line":1,"column":17},"end":{"line":1,"column":18}},"loc":{"start":{"line":1,"column":31},"end":{"line":6,"column":1}},"line":1}},"branchMap":{},"s":{"0":0,"1":0,"2":0},"f":{"0":0},"b":{}}
,"/Users/phucla/training/react-training/RN-rxjs/jest.config.js": {"path":"/Users/phucla/training/react-training/RN-rxjs/jest.config.js","statementMap":{"0":{"start":{"line":4,"column":0},"end":{"line":30,"column":2}}},"fnMap":{},"branchMap":{},"s":{"0":0},"f":{},"b":{}}
,"/Users/phucla/training/react-training/RN-rxjs/types.tsx": {"path":"/Users/phucla/training/react-training/RN-rxjs/types.tsx","statementMap":{},"fnMap":{},"branchMap":{},"s":{},"f":{},"b":{}}
,"/Users/phucla/training/react-training/RN-rxjs/components/Category.tsx": {"path":"/Users/phucla/training/react-training/RN-rxjs/components/Category.tsx","statementMap":{"0":{"start":{"line":16,"column":35},"end":{"line":34,"column":2}},"1":{"start":{"line":17,"column":2},"end":{"line":33,"column":9}},"2":{"start":{"line":20,"column":21},"end":{"line":20,"column":34}},"3":{"start":{"line":28,"column":21},"end":{"line":28,"column":34}},"4":{"start":{"line":36,"column":0},"end":{"line":40,"column":1}}},"fnMap":{"0":{"name":"(anonymous_0)","decl":{"start":{"line":16,"column":40},"end":{"line":16,"column":41}},"loc":{"start":{"line":17,"column":2},"end":{"line":33,"column":9}},"line":17},"1":{"name":"(anonymous_1)","decl":{"start":{"line":20,"column":15},"end":{"line":20,"column":16}},"loc":{"start":{"line":20,"column":21},"end":{"line":20,"column":34}},"line":20},"2":{"name":"(anonymous_2)","decl":{"start":{"line":28,"column":15},"end":{"line":28,"column":16}},"loc":{"start":{"line":28,"column":21},"end":{"line":28,"column":34}},"line":28}},"branchMap":{},"s":{"0":1,"1":2,"2":1,"3":1,"4":1},"f":{"0":2,"1":1,"2":1},"b":{},"_coverageSchema":"1a1c01bbd47fc00a2c39e90264f33305004495a9","hash":"e7ab98538ed66070a95b663bcbfc71e12625ab8b"}
,"/Users/phucla/training/react-training/RN-rxjs/components/Discount.tsx": {"path":"/Users/phucla/training/react-training/RN-rxjs/components/Discount.tsx","statementMap":{"0":{"start":{"line":16,"column":45},"end":{"line":33,"column":1}},"1":{"start":{"line":17,"column":14},"end":{"line":17,"column":107}},"2":{"start":{"line":17,"column":58},"end":{"line":17,"column":103}},"3":{"start":{"line":18,"column":24},"end":{"line":18,"column":46}},"4":{"start":{"line":19,"column":2},"end":{"line":19,"column":31}},"5":{"start":{"line":21,"column":2},"end":{"line":32,"column":3}},"6":{"start":{"line":35,"column":46},"end":{"line":35,"column":123}}},"fnMap":{"0":{"name":"(anonymous_0)","decl":{"start":{"line":16,"column":50},"end":{"line":16,"column":51}},"loc":{"start":{"line":16,"column":100},"end":{"line":32,"column":4}},"line":16},"1":{"name":"(anonymous_1)","decl":{"start":{"line":17,"column":32},"end":{"line":17,"column":33}},"loc":{"start":{"line":17,"column":58},"end":{"line":17,"column":103}},"line":17},"2":{"name":"(anonymous_2)","decl":{"start":{"line":35,"column":23},"end":{"line":35,"column":24}},"loc":{"start":{"line":35,"column":46},"end":{"line":35,"column":123}},"line":35}},"branchMap":{"0":{"loc":{"start":{"line":16,"column":52},"end":{"line":16,"column":67}},"type":"default-arg","locations":[{"start":{"line":16,"column":65},"end":{"line":16,"column":67}}],"line":16},"1":{"loc":{"start":{"line":35,"column":26},"end":{"line":35,"column":38}},"type":"default-arg","locations":[{"start":{"line":35,"column":36},"end":{"line":35,"column":38}}],"line":35},"2":{"loc":{"start":{"line":35,"column":60},"end":{"line":35,"column":93}},"type":"cond-expr","locations":[{"start":{"line":35,"column":70},"end":{"line":35,"column":88}},{"start":{"line":35,"column":91},"end":{"line":35,"column":93}}],"line":35}},"s":{"0":1,"1":1,"2":2,"3":1,"4":1,"5":1,"6":0},"f":{"0":1,"1":2,"2":0},"b":{"0":[0],"1":[0],"2":[0,0]},"_coverageSchema":"1a1c01bbd47fc00a2c39e90264f33305004495a9","hash":"a9ce2f603ce997bc0133d867ad0874238aa5c0cd"}
,"/Users/phucla/training/react-training/RN-rxjs/components/IndicatorBackdrop.tsx": {"path":"/Users/phucla/training/react-training/RN-rxjs/components/IndicatorBackdrop.tsx","statementMap":{"0":{"start":{"line":10,"column":24},"end":{"line":17,"column":1}},"1":{"start":{"line":11,"column":2},"end":{"line":16,"column":9}}},"fnMap":{"0":{"name":"(anonymous_0)","decl":{"start":{"line":10,"column":24},"end":{"line":10,"column":25}},"loc":{"start":{"line":11,"column":2},"end":{"line":16,"column":9}},"line":11}},"branchMap":{},"s":{"0":1,"1":1},"f":{"0":1},"b":{},"_coverageSchema":"1a1c01bbd47fc00a2c39e90264f33305004495a9","hash":"22da30f600fcf0c89db8f1ecbcd316c84aac599a"}
,"/Users/phucla/training/react-training/RN-rxjs/components/Message.tsx": {"path":"/Users/phucla/training/react-training/RN-rxjs/components/Message.tsx","statementMap":{"0":{"start":{"line":14,"column":33},"end":{"line":26,"column":2}},"1":{"start":{"line":15,"column":2},"end":{"line":24,"column":9}},"2":{"start":{"line":28,"column":0},"end":{"line":32,"column":1}}},"fnMap":{"0":{"name":"(anonymous_0)","decl":{"start":{"line":14,"column":38},"end":{"line":14,"column":39}},"loc":{"start":{"line":15,"column":2},"end":{"line":24,"column":9}},"line":15}},"branchMap":{"0":{"loc":{"start":{"line":16,"column":10},"end":{"line":16,"column":83}},"type":"cond-expr","locations":[{"start":{"line":16,"column":22},"end":{"line":16,"column":50}},{"start":{"line":16,"column":53},"end":{"line":16,"column":83}}],"line":16},"1":{"loc":{"start":{"line":19,"column":39},"end":{"line":19,"column":98}},"type":"cond-expr","locations":[{"start":{"line":19,"column":51},"end":{"line":19,"column":72}},{"start":{"line":19,"column":75},"end":{"line":19,"column":98}}],"line":19}},"s":{"0":1,"1":1,"2":1},"f":{"0":1},"b":{"0":[1,0],"1":[1,0]},"_coverageSchema":"1a1c01bbd47fc00a2c39e90264f33305004495a9","hash":"0aee4bae646466fc429f80373014b8bf2865afe2"}
,"/Users/phucla/training/react-training/RN-rxjs/components/Order.tsx": {"path":"/Users/phucla/training/react-training/RN-rxjs/components/Order.tsx","statementMap":{"0":{"start":{"line":13,"column":32},"end":{"line":29,"column":2}},"1":{"start":{"line":14,"column":16},"end":{"line":14,"column":21}},"2":{"start":{"line":15,"column":2},"end":{"line":15,"column":19}},"3":{"start":{"line":17,"column":2},"end":{"line":28,"column":3}},"4":{"start":{"line":31,"column":0},"end":{"line":33,"column":1}}},"fnMap":{"0":{"name":"(anonymous_0)","decl":{"start":{"line":13,"column":37},"end":{"line":13,"column":38}},"loc":{"start":{"line":13,"column":59},"end":{"line":29,"column":1}},"line":13}},"branchMap":{},"s":{"0":0,"1":0,"2":0,"3":0,"4":0},"f":{"0":0},"b":{}}
,"/Users/phucla/training/react-training/RN-rxjs/components/OrderInfo.tsx": {"path":"/Users/phucla/training/react-training/RN-rxjs/components/OrderInfo.tsx","statementMap":{"0":{"start":{"line":26,"column":18},"end":{"line":35,"column":1}},"1":{"start":{"line":27,"column":14},"end":{"line":27,"column":85}},"2":{"start":{"line":27,"column":54},"end":{"line":27,"column":81}},"3":{"start":{"line":29,"column":2},"end":{"line":34,"column":4}}},"fnMap":{"0":{"name":"(anonymous_0)","decl":{"start":{"line":26,"column":18},"end":{"line":26,"column":19}},"loc":{"start":{"line":26,"column":32},"end":{"line":35,"column":1}},"line":26},"1":{"name":"(anonymous_1)","decl":{"start":{"line":27,"column":28},"end":{"line":27,"column":29}},"loc":{"start":{"line":27,"column":54},"end":{"line":27,"column":81}},"line":27}},"branchMap":{},"s":{"0":0,"1":0,"2":0,"3":0},"f":{"0":0,"1":0},"b":{}}
,"/Users/phucla/training/react-training/RN-rxjs/components/StyledText.tsx": {"path":"/Users/phucla/training/react-training/RN-rxjs/components/StyledText.tsx","statementMap":{"0":{"start":{"line":6,"column":2},"end":{"line":6,"column":81}}},"fnMap":{"0":{"name":"MonoText","decl":{"start":{"line":5,"column":16},"end":{"line":5,"column":24}},"loc":{"start":{"line":5,"column":43},"end":{"line":7,"column":1}},"line":5}},"branchMap":{},"s":{"0":1},"f":{"0":1},"b":{},"_coverageSchema":"1a1c01bbd47fc00a2c39e90264f33305004495a9","hash":"b6c283aa810ca8dc73219e50e1d1dec5dbfc5547"}
,"/Users/phucla/training/react-training/RN-rxjs/components/Table.tsx": {"path":"/Users/phucla/training/react-training/RN-rxjs/components/Table.tsx","statementMap":{"0":{"start":{"line":13,"column":36},"end":{"line":13,"column":45}},"1":{"start":{"line":21,"column":32},"end":{"line":41,"column":2}},"2":{"start":{"line":22,"column":21},"end":{"line":22,"column":68}},"3":{"start":{"line":23,"column":31},"end":{"line":28,"column":3}},"4":{"start":{"line":24,"column":4},"end":{"line":27,"column":6}},"5":{"start":{"line":30,"column":2},"end":{"line":40,"column":3}},"6":{"start":{"line":43,"column":0},"end":{"line":47,"column":1}}},"fnMap":{"0":{"name":"(anonymous_0)","decl":{"start":{"line":21,"column":37},"end":{"line":21,"column":38}},"loc":{"start":{"line":21,"column":70},"end":{"line":41,"column":1}},"line":21},"1":{"name":"(anonymous_1)","decl":{"start":{"line":23,"column":31},"end":{"line":23,"column":32}},"loc":{"start":{"line":23,"column":37},"end":{"line":28,"column":3}},"line":23}},"branchMap":{"0":{"loc":{"start":{"line":35,"column":15},"end":{"line":35,"column":106}},"type":"cond-expr","locations":[{"start":{"line":35,"column":24},"end":{"line":35,"column":82}},{"start":{"line":35,"column":85},"end":{"line":35,"column":106}}],"line":35}},"s":{"0":0,"1":0,"2":0,"3":0,"4":0,"5":0,"6":0},"f":{"0":0,"1":0},"b":{"0":[0,0]}}
,"/Users/phucla/training/react-training/RN-rxjs/components/Themed.tsx": {"path":"/Users/phucla/training/react-training/RN-rxjs/components/Themed.tsx","statementMap":{"0":{"start":{"line":11,"column":16},"end":{"line":11,"column":32}},"1":{"start":{"line":12,"column":25},"end":{"line":12,"column":37}},"2":{"start":{"line":14,"column":2},"end":{"line":18,"column":3}},"3":{"start":{"line":15,"column":4},"end":{"line":15,"column":26}},"4":{"start":{"line":17,"column":4},"end":{"line":17,"column":36}},"5":{"start":{"line":30,"column":58},"end":{"line":30,"column":63}},"6":{"start":{"line":31,"column":16},"end":{"line":31,"column":77}},"7":{"start":{"line":33,"column":2},"end":{"line":33,"column":68}},"8":{"start":{"line":37,"column":58},"end":{"line":37,"column":63}},"9":{"start":{"line":38,"column":26},"end":{"line":38,"column":93}},"10":{"start":{"line":40,"column":2},"end":{"line":40,"column":78}}},"fnMap":{"0":{"name":"useThemeColor","decl":{"start":{"line":7,"column":16},"end":{"line":7,"column":29}},"loc":{"start":{"line":10,"column":2},"end":{"line":19,"column":1}},"line":10},"1":{"name":"Text","decl":{"start":{"line":29,"column":16},"end":{"line":29,"column":20}},"loc":{"start":{"line":29,"column":39},"end":{"line":34,"column":1}},"line":29},"2":{"name":"View","decl":{"start":{"line":36,"column":16},"end":{"line":36,"column":20}},"loc":{"start":{"line":36,"column":39},"end":{"line":41,"column":1}},"line":36}},"branchMap":{"0":{"loc":{"start":{"line":14,"column":2},"end":{"line":18,"column":3}},"type":"if","locations":[{"start":{"line":14,"column":2},"end":{"line":18,"column":3}},{"start":{"line":14,"column":2},"end":{"line":18,"column":3}}],"line":14}},"s":{"0":1,"1":1,"2":1,"3":0,"4":1,"5":1,"6":1,"7":1,"8":0,"9":0,"10":0},"f":{"0":1,"1":1,"2":0},"b":{"0":[0,1]},"_coverageSchema":"1a1c01bbd47fc00a2c39e90264f33305004495a9","hash":"9adaec8701436cf10bc0cac979657b6a202de243"}
,"/Users/phucla/training/react-training/RN-rxjs/components/User.tsx": {"path":"/Users/phucla/training/react-training/RN-rxjs/components/User.tsx","statementMap":{"0":{"start":{"line":18,"column":31},"end":{"line":38,"column":2}},"1":{"start":{"line":19,"column":21},"end":{"line":19,"column":68}},"2":{"start":{"line":20,"column":31},"end":{"line":25,"column":3}},"3":{"start":{"line":21,"column":4},"end":{"line":24,"column":6}},"4":{"start":{"line":27,"column":2},"end":{"line":37,"column":3}},"5":{"start":{"line":40,"column":0},"end":{"line":44,"column":1}}},"fnMap":{"0":{"name":"(anonymous_0)","decl":{"start":{"line":18,"column":36},"end":{"line":18,"column":37}},"loc":{"start":{"line":18,"column":69},"end":{"line":38,"column":1}},"line":18},"1":{"name":"(anonymous_1)","decl":{"start":{"line":20,"column":31},"end":{"line":20,"column":32}},"loc":{"start":{"line":20,"column":37},"end":{"line":25,"column":3}},"line":20}},"branchMap":{"0":{"loc":{"start":{"line":33,"column":65},"end":{"line":33,"column":90}},"type":"cond-expr","locations":[{"start":{"line":33,"column":74},"end":{"line":33,"column":81}},{"start":{"line":33,"column":84},"end":{"line":33,"column":90}}],"line":33}},"s":{"0":0,"1":0,"2":0,"3":0,"4":0,"5":0},"f":{"0":0,"1":0},"b":{"0":[0,0]}}
,"/Users/phucla/training/react-training/RN-rxjs/components/screen/screen.presets.ts": {"path":"/Users/phucla/training/react-training/RN-rxjs/components/screen/screen.presets.ts","statementMap":{"0":{"start":{"line":8,"column":23},"end":{"line":10,"column":1}},"1":{"start":{"line":20,"column":23},"end":{"line":52,"column":1}},"2":{"start":{"line":64,"column":30},"end":{"line":67,"column":1}},"3":{"start":{"line":66,"column":2},"end":{"line":66,"column":88}}},"fnMap":{"0":{"name":"(anonymous_0)","decl":{"start":{"line":64,"column":30},"end":{"line":64,"column":31}},"loc":{"start":{"line":64,"column":57},"end":{"line":67,"column":1}},"line":64}},"branchMap":{"0":{"loc":{"start":{"line":66,"column":9},"end":{"line":66,"column":88}},"type":"binary-expr","locations":[{"start":{"line":66,"column":9},"end":{"line":66,"column":22}},{"start":{"line":66,"column":26},"end":{"line":66,"column":40}},{"start":{"line":66,"column":44},"end":{"line":66,"column":66}},{"start":{"line":66,"column":70},"end":{"line":66,"column":88}}],"line":66}},"s":{"0":0,"1":0,"2":0,"3":0},"f":{"0":0},"b":{"0":[0,0,0,0]}}
,"/Users/phucla/training/react-training/RN-rxjs/components/screen/screen.props.ts": {"path":"/Users/phucla/training/react-training/RN-rxjs/components/screen/screen.props.ts","statementMap":{},"fnMap":{},"branchMap":{},"s":{},"f":{},"b":{}}
,"/Users/phucla/training/react-training/RN-rxjs/components/screen/screen.tsx": {"path":"/Users/phucla/training/react-training/RN-rxjs/components/screen/screen.tsx","statementMap":{"0":{"start":{"line":13,"column":14},"end":{"line":13,"column":35}},"1":{"start":{"line":15,"column":48},"end":{"line":34,"column":1}},"2":{"start":{"line":16,"column":17},"end":{"line":16,"column":30}},"3":{"start":{"line":17,"column":17},"end":{"line":17,"column":30}},"4":{"start":{"line":18,"column":16},"end":{"line":18,"column":33}},"5":{"start":{"line":19,"column":26},"end":{"line":21,"column":8}},"6":{"start":{"line":22,"column":21},"end":{"line":22,"column":66}},"7":{"start":{"line":24,"column":2},"end":{"line":33,"column":3}},"8":{"start":{"line":36,"column":45},"end":{"line":62,"column":2}},"9":{"start":{"line":37,"column":17},"end":{"line":37,"column":30}},"10":{"start":{"line":38,"column":17},"end":{"line":38,"column":31}},"11":{"start":{"line":39,"column":16},"end":{"line":39,"column":33}},"12":{"start":{"line":40,"column":26},"end":{"line":42,"column":8}},"13":{"start":{"line":43,"column":21},"end":{"line":43,"column":66}},"14":{"start":{"line":45,"column":2},"end":{"line":61,"column":3}},"15":{"start":{"line":69,"column":39},"end":{"line":75,"column":1}},"16":{"start":{"line":70,"column":2},"end":{"line":74,"column":3}},"17":{"start":{"line":71,"column":4},"end":{"line":71,"column":48}},"18":{"start":{"line":73,"column":4},"end":{"line":73,"column":45}}},"fnMap":{"0":{"name":"(anonymous_0)","decl":{"start":{"line":15,"column":48},"end":{"line":15,"column":49}},"loc":{"start":{"line":15,"column":72},"end":{"line":34,"column":1}},"line":15},"1":{"name":"(anonymous_1)","decl":{"start":{"line":36,"column":50},"end":{"line":36,"column":51}},"loc":{"start":{"line":36,"column":74},"end":{"line":62,"column":1}},"line":36},"2":{"name":"(anonymous_2)","decl":{"start":{"line":69,"column":39},"end":{"line":69,"column":40}},"loc":{"start":{"line":69,"column":63},"end":{"line":75,"column":1}},"line":69}},"branchMap":{"0":{"loc":{"start":{"line":18,"column":16},"end":{"line":18,"column":33}},"type":"binary-expr","locations":[{"start":{"line":18,"column":16},"end":{"line":18,"column":27}},{"start":{"line":18,"column":31},"end":{"line":18,"column":33}}],"line":18},"1":{"loc":{"start":{"line":19,"column":26},"end":{"line":21,"column":8}},"type":"cond-expr","locations":[{"start":{"line":20,"column":6},"end":{"line":20,"column":48}},{"start":{"line":21,"column":6},"end":{"line":21,"column":8}}],"line":19},"2":{"loc":{"start":{"line":22,"column":35},"end":{"line":22,"column":64}},"type":"cond-expr","locations":[{"start":{"line":22,"column":50},"end":{"line":22,"column":51}},{"start":{"line":22,"column":54},"end":{"line":22,"column":64}}],"line":22},"3":{"loc":{"start":{"line":27,"column":16},"end":{"line":27,"column":40}},"type":"cond-expr","locations":[{"start":{"line":27,"column":24},"end":{"line":27,"column":33}},{"start":{"line":27,"column":36},"end":{"line":27,"column":40}}],"line":27},"4":{"loc":{"start":{"line":28,"column":38},"end":{"line":28,"column":68}},"type":"binary-expr","locations":[{"start":{"line":28,"column":38},"end":{"line":28,"column":58}},{"start":{"line":28,"column":62},"end":{"line":28,"column":68}}],"line":28},"5":{"loc":{"start":{"line":30,"column":27},"end":{"line":30,"column":61}},"type":"binary-expr","locations":[{"start":{"line":30,"column":27},"end":{"line":30,"column":42}},{"start":{"line":30,"column":46},"end":{"line":30,"column":61}}],"line":30},"6":{"loc":{"start":{"line":39,"column":16},"end":{"line":39,"column":33}},"type":"binary-expr","locations":[{"start":{"line":39,"column":16},"end":{"line":39,"column":27}},{"start":{"line":39,"column":31},"end":{"line":39,"column":33}}],"line":39},"7":{"loc":{"start":{"line":40,"column":26},"end":{"line":42,"column":8}},"type":"cond-expr","locations":[{"start":{"line":41,"column":6},"end":{"line":41,"column":48}},{"start":{"line":42,"column":6},"end":{"line":42,"column":8}}],"line":40},"8":{"loc":{"start":{"line":43,"column":35},"end":{"line":43,"column":64}},"type":"cond-expr","locations":[{"start":{"line":43,"column":50},"end":{"line":43,"column":51}},{"start":{"line":43,"column":54},"end":{"line":43,"column":64}}],"line":43},"9":{"loc":{"start":{"line":48,"column":16},"end":{"line":48,"column":40}},"type":"cond-expr","locations":[{"start":{"line":48,"column":24},"end":{"line":48,"column":33}},{"start":{"line":48,"column":36},"end":{"line":48,"column":40}}],"line":48},"10":{"loc":{"start":{"line":49,"column":38},"end":{"line":49,"column":68}},"type":"binary-expr","locations":[{"start":{"line":49,"column":38},"end":{"line":49,"column":58}},{"start":{"line":49,"column":62},"end":{"line":49,"column":68}}],"line":49},"11":{"loc":{"start":{"line":51,"column":27},"end":{"line":51,"column":61}},"type":"binary-expr","locations":[{"start":{"line":51,"column":27},"end":{"line":51,"column":42}},{"start":{"line":51,"column":46},"end":{"line":51,"column":61}}],"line":51},"12":{"loc":{"start":{"line":70,"column":2},"end":{"line":74,"column":3}},"type":"if","locations":[{"start":{"line":70,"column":2},"end":{"line":74,"column":3}},{"start":{"line":70,"column":2},"end":{"line":74,"column":3}}],"line":70}},"s":{"0":0,"1":0,"2":0,"3":0,"4":0,"5":0,"6":0,"7":0,"8":0,"9":0,"10":0,"11":0,"12":0,"13":0,"14":0,"15":0,"16":0,"17":0,"18":0},"f":{"0":0,"1":0,"2":0},"b":{"0":[0,0],"1":[0,0],"2":[0,0],"3":[0,0],"4":[0,0],"5":[0,0],"6":[0,0],"7":[0,0],"8":[0,0],"9":[0,0],"10":[0,0],"11":[0,0],"12":[0,0]}}
,"/Users/phucla/training/react-training/RN-rxjs/components/styles/category.styles.ts": {"path":"/Users/phucla/training/react-training/RN-rxjs/components/styles/category.styles.ts","statementMap":{"0":{"start":{"line":4,"column":30},"end":{"line":39,"column":1}}},"fnMap":{},"branchMap":{},"s":{"0":1},"f":{},"b":{},"_coverageSchema":"1a1c01bbd47fc00a2c39e90264f33305004495a9","hash":"a713b573d663c183570216236a71ef4d37498e6e"}
,"/Users/phucla/training/react-training/RN-rxjs/components/styles/discount.styles.ts": {"path":"/Users/phucla/training/react-training/RN-rxjs/components/styles/discount.styles.ts","statementMap":{"0":{"start":{"line":4,"column":30},"end":{"line":16,"column":1}}},"fnMap":{},"branchMap":{},"s":{"0":1},"f":{},"b":{},"_coverageSchema":"1a1c01bbd47fc00a2c39e90264f33305004495a9","hash":"b709e62b3abe814679c5ab84e6d573d7a8024b19"}
,"/Users/phucla/training/react-training/RN-rxjs/components/styles/indicator.styles.ts": {"path":"/Users/phucla/training/react-training/RN-rxjs/components/styles/indicator.styles.ts","statementMap":{},"fnMap":{},"branchMap":{},"s":{},"f":{},"b":{},"_coverageSchema":"1a1c01bbd47fc00a2c39e90264f33305004495a9","hash":"b2f6d09a9beb71e9652be6610bcfc89fdb98b071"}
,"/Users/phucla/training/react-training/RN-rxjs/components/styles/message.styles.ts": {"path":"/Users/phucla/training/react-training/RN-rxjs/components/styles/message.styles.ts","statementMap":{"0":{"start":{"line":4,"column":29},"end":{"line":44,"column":1}}},"fnMap":{},"branchMap":{},"s":{"0":1},"f":{},"b":{},"_coverageSchema":"1a1c01bbd47fc00a2c39e90264f33305004495a9","hash":"e6304380e468f04612c217104eba6467601a9f1c"}
,"/Users/phucla/training/react-training/RN-rxjs/components/styles/order.styles.ts": {"path":"/Users/phucla/training/react-training/RN-rxjs/components/styles/order.styles.ts","statementMap":{"0":{"start":{"line":4,"column":27},"end":{"line":36,"column":1}}},"fnMap":{},"branchMap":{},"s":{"0":0},"f":{},"b":{}}
,"/Users/phucla/training/react-training/RN-rxjs/components/styles/orderInfo.styles.ts": {"path":"/Users/phucla/training/react-training/RN-rxjs/components/styles/orderInfo.styles.ts","statementMap":{"0":{"start":{"line":3,"column":32},"end":{"line":11,"column":1}}},"fnMap":{},"branchMap":{},"s":{"0":0},"f":{},"b":{}}
,"/Users/phucla/training/react-training/RN-rxjs/components/styles/table.styles.ts": {"path":"/Users/phucla/training/react-training/RN-rxjs/components/styles/table.styles.ts","statementMap":{"0":{"start":{"line":4,"column":30},"end":{"line":39,"column":1}}},"fnMap":{},"branchMap":{},"s":{"0":0},"f":{},"b":{}}
,"/Users/phucla/training/react-training/RN-rxjs/components/styles/user.stylers.ts": {"path":"/Users/phucla/training/react-training/RN-rxjs/components/styles/user.stylers.ts","statementMap":{"0":{"start":{"line":4,"column":26},"end":{"line":18,"column":1}}},"fnMap":{},"branchMap":{},"s":{"0":0},"f":{},"b":{}}
,"/Users/phucla/training/react-training/RN-rxjs/constants/Colors.ts": {"path":"/Users/phucla/training/react-training/RN-rxjs/constants/Colors.ts","statementMap":{"0":{"start":{"line":1,"column":23},"end":{"line":1,"column":32}},"1":{"start":{"line":2,"column":22},"end":{"line":2,"column":28}}},"fnMap":{},"branchMap":{},"s":{"0":1,"1":1},"f":{},"b":{},"_coverageSchema":"1a1c01bbd47fc00a2c39e90264f33305004495a9","hash":"ff3b1b397a67f0d1f7b2494711b2e9d905796055"}
,"/Users/phucla/training/react-training/RN-rxjs/constants/Layout.ts": {"path":"/Users/phucla/training/react-training/RN-rxjs/constants/Layout.ts","statementMap":{"0":{"start":{"line":3,"column":14},"end":{"line":3,"column":44}},"1":{"start":{"line":4,"column":15},"end":{"line":4,"column":46}}},"fnMap":{},"branchMap":{},"s":{"0":0,"1":0},"f":{},"b":{}}
,"/Users/phucla/training/react-training/RN-rxjs/helpers/index.ts": {"path":"/Users/phucla/training/react-training/RN-rxjs/helpers/index.ts","statementMap":{"0":{"start":{"line":1,"column":20},"end":{"line":1,"column":134}},"1":{"start":{"line":1,"column":53},"end":{"line":1,"column":134}},"2":{"start":{"line":1,"column":76},"end":{"line":1,"column":133}},"3":{"start":{"line":3,"column":20},"end":{"line":3,"column":134}},"4":{"start":{"line":3,"column":53},"end":{"line":3,"column":134}},"5":{"start":{"line":3,"column":76},"end":{"line":3,"column":133}}},"fnMap":{"0":{"name":"(anonymous_0)","decl":{"start":{"line":1,"column":20},"end":{"line":1,"column":21}},"loc":{"start":{"line":1,"column":53},"end":{"line":1,"column":134}},"line":1},"1":{"name":"(anonymous_1)","decl":{"start":{"line":1,"column":68},"end":{"line":1,"column":69}},"loc":{"start":{"line":1,"column":76},"end":{"line":1,"column":133}},"line":1},"2":{"name":"(anonymous_2)","decl":{"start":{"line":3,"column":20},"end":{"line":3,"column":21}},"loc":{"start":{"line":3,"column":53},"end":{"line":3,"column":134}},"line":3},"3":{"name":"(anonymous_3)","decl":{"start":{"line":3,"column":68},"end":{"line":3,"column":69}},"loc":{"start":{"line":3,"column":76},"end":{"line":3,"column":133}},"line":3}},"branchMap":{"0":{"loc":{"start":{"line":1,"column":76},"end":{"line":1,"column":133}},"type":"cond-expr","locations":[{"start":{"line":1,"column":93},"end":{"line":1,"column":126}},{"start":{"line":1,"column":129},"end":{"line":1,"column":133}}],"line":1},"1":{"loc":{"start":{"line":3,"column":76},"end":{"line":3,"column":133}},"type":"cond-expr","locations":[{"start":{"line":3,"column":93},"end":{"line":3,"column":126}},{"start":{"line":3,"column":129},"end":{"line":3,"column":133}}],"line":3}},"s":{"0":0,"1":0,"2":0,"3":0,"4":0,"5":0},"f":{"0":0,"1":0,"2":0,"3":0},"b":{"0":[0,0],"1":[0,0]}}
,"/Users/phucla/training/react-training/RN-rxjs/hooks/useCachedResources.ts": {"path":"/Users/phucla/training/react-training/RN-rxjs/hooks/useCachedResources.ts","statementMap":{"0":{"start":{"line":7,"column":50},"end":{"line":7,"column":71}},"1":{"start":{"line":10,"column":2},"end":{"line":30,"column":9}},"2":{"start":{"line":12,"column":6},"end":{"line":26,"column":7}},"3":{"start":{"line":13,"column":8},"end":{"line":13,"column":44}},"4":{"start":{"line":16,"column":8},"end":{"line":19,"column":11}},"5":{"start":{"line":22,"column":8},"end":{"line":22,"column":24}},"6":{"start":{"line":24,"column":8},"end":{"line":24,"column":33}},"7":{"start":{"line":25,"column":8},"end":{"line":25,"column":33}},"8":{"start":{"line":29,"column":4},"end":{"line":29,"column":32}},"9":{"start":{"line":32,"column":2},"end":{"line":32,"column":27}}},"fnMap":{"0":{"name":"useCachedResources","decl":{"start":{"line":6,"column":24},"end":{"line":6,"column":42}},"loc":{"start":{"line":6,"column":45},"end":{"line":33,"column":1}},"line":6},"1":{"name":"(anonymous_1)","decl":{"start":{"line":10,"column":18},"end":{"line":10,"column":19}},"loc":{"start":{"line":10,"column":24},"end":{"line":30,"column":3}},"line":10},"2":{"name":"loadResourcesAndDataAsync","decl":{"start":{"line":11,"column":19},"end":{"line":11,"column":44}},"loc":{"start":{"line":11,"column":47},"end":{"line":27,"column":5}},"line":11}},"branchMap":{},"s":{"0":0,"1":0,"2":0,"3":0,"4":0,"5":0,"6":0,"7":0,"8":0,"9":0},"f":{"0":0,"1":0,"2":0},"b":{}}
,"/Users/phucla/training/react-training/RN-rxjs/hooks/useColorScheme.ts": {"path":"/Users/phucla/training/react-training/RN-rxjs/hooks/useColorScheme.ts","statementMap":{"0":{"start":{"line":7,"column":2},"end":{"line":7,"column":59}}},"fnMap":{"0":{"name":"useColorScheme","decl":{"start":{"line":6,"column":24},"end":{"line":6,"column":38}},"loc":{"start":{"line":6,"column":71},"end":{"line":8,"column":1}},"line":6}},"branchMap":{},"s":{"0":1},"f":{"0":1},"b":{},"_coverageSchema":"1a1c01bbd47fc00a2c39e90264f33305004495a9","hash":"6335be60594dfa30cc8f3e699c93fada224159fc"}
,"/Users/phucla/training/react-training/RN-rxjs/hooks/useColorScheme.web.ts": {"path":"/Users/phucla/training/react-training/RN-rxjs/hooks/useColorScheme.web.ts","statementMap":{"0":{"start":{"line":4,"column":2},"end":{"line":4,"column":17}}},"fnMap":{"0":{"name":"useColorScheme","decl":{"start":{"line":3,"column":24},"end":{"line":3,"column":38}},"loc":{"start":{"line":3,"column":41},"end":{"line":5,"column":1}},"line":3}},"branchMap":{},"s":{"0":0},"f":{"0":0},"b":{}}
,"/Users/phucla/training/react-training/RN-rxjs/hooks/useEffectOnce.ts": {"path":"/Users/phucla/training/react-training/RN-rxjs/hooks/useEffectOnce.ts","statementMap":{"0":{"start":{"line":3,"column":22},"end":{"line":5,"column":1}},"1":{"start":{"line":4,"column":2},"end":{"line":4,"column":24}}},"fnMap":{"0":{"name":"(anonymous_0)","decl":{"start":{"line":3,"column":22},"end":{"line":3,"column":23}},"loc":{"start":{"line":3,"column":50},"end":{"line":5,"column":1}},"line":3}},"branchMap":{},"s":{"0":0,"1":0},"f":{"0":0},"b":{}}
,"/Users/phucla/training/react-training/RN-rxjs/hooks/useUnmount.ts": {"path":"/Users/phucla/training/react-training/RN-rxjs/hooks/useUnmount.ts","statementMap":{"0":{"start":{"line":4,"column":19},"end":{"line":11,"column":1}},"1":{"start":{"line":5,"column":16},"end":{"line":5,"column":26}},"2":{"start":{"line":8,"column":2},"end":{"line":8,"column":21}},"3":{"start":{"line":10,"column":2},"end":{"line":10,"column":45}},"4":{"start":{"line":10,"column":22},"end":{"line":10,"column":43}},"5":{"start":{"line":10,"column":28},"end":{"line":10,"column":43}}},"fnMap":{"0":{"name":"(anonymous_0)","decl":{"start":{"line":4,"column":19},"end":{"line":4,"column":20}},"loc":{"start":{"line":4,"column":44},"end":{"line":11,"column":1}},"line":4},"1":{"name":"(anonymous_1)","decl":{"start":{"line":10,"column":16},"end":{"line":10,"column":17}},"loc":{"start":{"line":10,"column":22},"end":{"line":10,"column":43}},"line":10},"2":{"name":"(anonymous_2)","decl":{"start":{"line":10,"column":22},"end":{"line":10,"column":23}},"loc":{"start":{"line":10,"column":28},"end":{"line":10,"column":43}},"line":10}},"branchMap":{},"s":{"0":0,"1":0,"2":0,"3":0,"4":0,"5":0},"f":{"0":0,"1":0,"2":0},"b":{}}
,"/Users/phucla/training/react-training/RN-rxjs/models/index.ts": {"path":"/Users/phucla/training/react-training/RN-rxjs/models/index.ts","statementMap":{},"fnMap":{},"branchMap":{},"s":{},"f":{},"b":{}}
,"/Users/phucla/training/react-training/RN-rxjs/navigation/BottomTabNavigator.tsx": {"path":"/Users/phucla/training/react-training/RN-rxjs/navigation/BottomTabNavigator.tsx","statementMap":{"0":{"start":{"line":12,"column":18},"end":{"line":12,"column":64}},"1":{"start":{"line":15,"column":22},"end":{"line":15,"column":38}},"2":{"start":{"line":17,"column":2},"end":{"line":36,"column":4}},"3":{"start":{"line":25,"column":37},"end":{"line":25,"column":81}},"4":{"start":{"line":32,"column":37},"end":{"line":32,"column":81}},"5":{"start":{"line":42,"column":2},"end":{"line":42,"column":72}},"6":{"start":{"line":47,"column":20},"end":{"line":47,"column":59}},"7":{"start":{"line":50,"column":2},"end":{"line":57,"column":4}},"8":{"start":{"line":60,"column":20},"end":{"line":60,"column":59}},"9":{"start":{"line":63,"column":2},"end":{"line":70,"column":4}}},"fnMap":{"0":{"name":"BottomTabNavigator","decl":{"start":{"line":14,"column":24},"end":{"line":14,"column":42}},"loc":{"start":{"line":14,"column":45},"end":{"line":37,"column":1}},"line":14},"1":{"name":"(anonymous_1)","decl":{"start":{"line":25,"column":22},"end":{"line":25,"column":23}},"loc":{"start":{"line":25,"column":37},"end":{"line":25,"column":81}},"line":25},"2":{"name":"(anonymous_2)","decl":{"start":{"line":32,"column":22},"end":{"line":32,"column":23}},"loc":{"start":{"line":32,"column":37},"end":{"line":32,"column":81}},"line":32},"3":{"name":"TabBarIcon","decl":{"start":{"line":41,"column":9},"end":{"line":41,"column":19}},"loc":{"start":{"line":41,"column":60},"end":{"line":43,"column":1}},"line":41},"4":{"name":"TabOneNavigator","decl":{"start":{"line":49,"column":9},"end":{"line":49,"column":24}},"loc":{"start":{"line":49,"column":27},"end":{"line":58,"column":1}},"line":49},"5":{"name":"TabTwoNavigator","decl":{"start":{"line":62,"column":9},"end":{"line":62,"column":24}},"loc":{"start":{"line":62,"column":27},"end":{"line":71,"column":1}},"line":62}},"branchMap":{},"s":{"0":0,"1":0,"2":0,"3":0,"4":0,"5":0,"6":0,"7":0,"8":0,"9":0},"f":{"0":0,"1":0,"2":0,"3":0,"4":0,"5":0},"b":{}}
,"/Users/phucla/training/react-training/RN-rxjs/navigation/DrawerNavigator.tsx": {"path":"/Users/phucla/training/react-training/RN-rxjs/navigation/DrawerNavigator.tsx","statementMap":{"0":{"start":{"line":7,"column":15},"end":{"line":7,"column":38}},"1":{"start":{"line":10,"column":2},"end":{"line":15,"column":3}}},"fnMap":{"0":{"name":"AppDrawer","decl":{"start":{"line":9,"column":24},"end":{"line":9,"column":33}},"loc":{"start":{"line":9,"column":36},"end":{"line":16,"column":1}},"line":9}},"branchMap":{},"s":{"0":0,"1":0},"f":{"0":0},"b":{}}
,"/Users/phucla/training/react-training/RN-rxjs/navigation/LinkingConfiguration.ts": {"path":"/Users/phucla/training/react-training/RN-rxjs/navigation/LinkingConfiguration.ts","statementMap":{},"fnMap":{},"branchMap":{},"s":{},"f":{},"b":{}}
,"/Users/phucla/training/react-training/RN-rxjs/navigation/index.tsx": {"path":"/Users/phucla/training/react-training/RN-rxjs/navigation/index.tsx","statementMap":{"0":{"start":{"line":18,"column":2},"end":{"line":24,"column":4}},"1":{"start":{"line":29,"column":14},"end":{"line":29,"column":56}},"2":{"start":{"line":32,"column":2},"end":{"line":43,"column":4}}},"fnMap":{"0":{"name":"Navigation","decl":{"start":{"line":17,"column":24},"end":{"line":17,"column":34}},"loc":{"start":{"line":17,"column":86},"end":{"line":25,"column":1}},"line":17},"1":{"name":"RootNavigator","decl":{"start":{"line":31,"column":9},"end":{"line":31,"column":22}},"loc":{"start":{"line":31,"column":25},"end":{"line":44,"column":1}},"line":31}},"branchMap":{"0":{"loc":{"start":{"line":21,"column":13},"end":{"line":21,"column":62}},"type":"cond-expr","locations":[{"start":{"line":21,"column":38},"end":{"line":21,"column":47}},{"start":{"line":21,"column":50},"end":{"line":21,"column":62}}],"line":21}},"s":{"0":0,"1":0,"2":0},"f":{"0":0,"1":0},"b":{"0":[0,0]}}
,"/Users/phucla/training/react-training/RN-rxjs/navigation/navigation.props.ts": {"path":"/Users/phucla/training/react-training/RN-rxjs/navigation/navigation.props.ts","statementMap":{},"fnMap":{},"branchMap":{},"s":{},"f":{},"b":{}}
,"/Users/phucla/training/react-training/RN-rxjs/reducers/categories.1.ts": {"path":"/Users/phucla/training/react-training/RN-rxjs/reducers/categories.1.ts","statementMap":{},"fnMap":{},"branchMap":{},"s":{},"f":{},"b":{}}
,"/Users/phucla/training/react-training/RN-rxjs/reducers/categories.ts": {"path":"/Users/phucla/training/react-training/RN-rxjs/reducers/categories.ts","statementMap":{"0":{"start":{"line":9,"column":12},"end":{"line":9,"column":59}},"1":{"start":{"line":10,"column":30},"end":{"line":10,"column":105}},"2":{"start":{"line":11,"column":18},"end":{"line":11,"column":48}},"3":{"start":{"line":12,"column":0},"end":{"line":16,"column":3}},"4":{"start":{"line":14,"column":19},"end":{"line":15,"column":6}},"5":{"start":{"line":14,"column":37},"end":{"line":14,"column":108}},"6":{"start":{"line":30,"column":24},"end":{"line":59,"column":1}},"7":{"start":{"line":31,"column":11},"end":{"line":31,"column":20}},"8":{"start":{"line":33,"column":29},"end":{"line":36,"column":7}},"9":{"start":{"line":33,"column":52},"end":{"line":36,"column":6}},"10":{"start":{"line":39,"column":29},"end":{"line":42,"column":7}},"11":{"start":{"line":39,"column":52},"end":{"line":42,"column":6}},"12":{"start":{"line":45,"column":30},"end":{"line":45,"column":62}},"13":{"start":{"line":45,"column":53},"end":{"line":45,"column":62}},"14":{"start":{"line":48,"column":29},"end":{"line":51,"column":7}},"15":{"start":{"line":48,"column":52},"end":{"line":51,"column":6}},"16":{"start":{"line":54,"column":29},"end":{"line":57,"column":7}},"17":{"start":{"line":54,"column":52},"end":{"line":57,"column":6}}},"fnMap":{"0":{"name":"(anonymous_0)","decl":{"start":{"line":14,"column":8},"end":{"line":14,"column":9}},"loc":{"start":{"line":14,"column":19},"end":{"line":15,"column":6}},"line":14},"1":{"name":"(anonymous_1)","decl":{"start":{"line":14,"column":31},"end":{"line":14,"column":32}},"loc":{"start":{"line":14,"column":37},"end":{"line":14,"column":108}},"line":14},"2":{"name":"(anonymous_2)","decl":{"start":{"line":31,"column":5},"end":{"line":31,"column":6}},"loc":{"start":{"line":31,"column":11},"end":{"line":31,"column":20}},"line":31},"3":{"name":"(anonymous_3)","decl":{"start":{"line":33,"column":8},"end":{"line":33,"column":9}},"loc":{"start":{"line":33,"column":29},"end":{"line":36,"column":7}},"line":33},"4":{"name":"(anonymous_4)","decl":{"start":{"line":33,"column":29},"end":{"line":33,"column":30}},"loc":{"start":{"line":33,"column":52},"end":{"line":36,"column":6}},"line":33},"5":{"name":"(anonymous_5)","decl":{"start":{"line":39,"column":8},"end":{"line":39,"column":9}},"loc":{"start":{"line":39,"column":29},"end":{"line":42,"column":7}},"line":39},"6":{"name":"(anonymous_6)","decl":{"start":{"line":39,"column":29},"end":{"line":39,"column":30}},"loc":{"start":{"line":39,"column":52},"end":{"line":42,"column":6}},"line":39},"7":{"name":"(anonymous_7)","decl":{"start":{"line":45,"column":8},"end":{"line":45,"column":9}},"loc":{"start":{"line":45,"column":30},"end":{"line":45,"column":62}},"line":45},"8":{"name":"(anonymous_8)","decl":{"start":{"line":45,"column":30},"end":{"line":45,"column":31}},"loc":{"start":{"line":45,"column":53},"end":{"line":45,"column":62}},"line":45},"9":{"name":"(anonymous_9)","decl":{"start":{"line":48,"column":8},"end":{"line":48,"column":9}},"loc":{"start":{"line":48,"column":29},"end":{"line":51,"column":7}},"line":48},"10":{"name":"(anonymous_10)","decl":{"start":{"line":48,"column":29},"end":{"line":48,"column":30}},"loc":{"start":{"line":48,"column":52},"end":{"line":51,"column":6}},"line":48},"11":{"name":"(anonymous_11)","decl":{"start":{"line":54,"column":8},"end":{"line":54,"column":9}},"loc":{"start":{"line":54,"column":29},"end":{"line":57,"column":7}},"line":54},"12":{"name":"(anonymous_12)","decl":{"start":{"line":54,"column":29},"end":{"line":54,"column":30}},"loc":{"start":{"line":54,"column":52},"end":{"line":57,"column":6}},"line":54}},"branchMap":{},"s":{"0":0,"1":0,"2":0,"3":0,"4":0,"5":0,"6":0,"7":0,"8":0,"9":0,"10":0,"11":0,"12":0,"13":0,"14":0,"15":0,"16":0,"17":0},"f":{"0":0,"1":0,"2":0,"3":0,"4":0,"5":0,"6":0,"7":0,"8":0,"9":0,"10":0,"11":0,"12":0},"b":{}}
,"/Users/phucla/training/react-training/RN-rxjs/reducers/index.ts": {"path":"/Users/phucla/training/react-training/RN-rxjs/reducers/index.ts","statementMap":{"0":{"start":{"line":5,"column":17},"end":{"line":7,"column":1}},"1":{"start":{"line":6,"column":24},"end":{"line":6,"column":44}}},"fnMap":{"0":{"name":"(anonymous_0)","decl":{"start":{"line":6,"column":6},"end":{"line":6,"column":7}},"loc":{"start":{"line":6,"column":24},"end":{"line":6,"column":44}},"line":6}},"branchMap":{},"s":{"0":0,"1":0},"f":{"0":0},"b":{}}
,"/Users/phucla/training/react-training/RN-rxjs/screens/AppInfoScreen.tsx": {"path":"/Users/phucla/training/react-training/RN-rxjs/screens/AppInfoScreen.tsx","statementMap":{"0":{"start":{"line":7,"column":20},"end":{"line":11,"column":1}},"1":{"start":{"line":8,"column":2},"end":{"line":10,"column":9}}},"fnMap":{"0":{"name":"(anonymous_0)","decl":{"start":{"line":7,"column":20},"end":{"line":7,"column":21}},"loc":{"start":{"line":8,"column":2},"end":{"line":10,"column":9}},"line":8}},"branchMap":{},"s":{"0":0,"1":0},"f":{"0":0},"b":{}}
,"/Users/phucla/training/react-training/RN-rxjs/screens/Login.tsx": {"path":"/Users/phucla/training/react-training/RN-rxjs/screens/Login.tsx","statementMap":{"0":{"start":{"line":17,"column":36},"end":{"line":17,"column":45}},"1":{"start":{"line":24,"column":14},"end":{"line":77,"column":1}},"2":{"start":{"line":25,"column":35},"end":{"line":28,"column":4}},"3":{"start":{"line":30,"column":23},"end":{"line":35,"column":3}},"4":{"start":{"line":31,"column":4},"end":{"line":34,"column":6}},"5":{"start":{"line":37,"column":22},"end":{"line":41,"column":3}},"6":{"start":{"line":38,"column":4},"end":{"line":40,"column":6}},"7":{"start":{"line":39,"column":6},"end":{"line":39,"column":25}},"8":{"start":{"line":43,"column":2},"end":{"line":76,"column":3}},"9":{"start":{"line":54,"column":37},"end":{"line":54,"column":68}},"10":{"start":{"line":60,"column":37},"end":{"line":60,"column":68}}},"fnMap":{"0":{"name":"(anonymous_0)","decl":{"start":{"line":24,"column":14},"end":{"line":24,"column":15}},"loc":{"start":{"line":24,"column":20},"end":{"line":77,"column":1}},"line":24},"1":{"name":"(anonymous_1)","decl":{"start":{"line":30,"column":23},"end":{"line":30,"column":24}},"loc":{"start":{"line":30,"column":55},"end":{"line":35,"column":3}},"line":30},"2":{"name":"(anonymous_2)","decl":{"start":{"line":37,"column":22},"end":{"line":37,"column":23}},"loc":{"start":{"line":37,"column":28},"end":{"line":41,"column":3}},"line":37},"3":{"name":"(anonymous_3)","decl":{"start":{"line":38,"column":90},"end":{"line":38,"column":91}},"loc":{"start":{"line":38,"column":100},"end":{"line":40,"column":5}},"line":38},"4":{"name":"(anonymous_4)","decl":{"start":{"line":54,"column":28},"end":{"line":54,"column":29}},"loc":{"start":{"line":54,"column":37},"end":{"line":54,"column":68}},"line":54},"5":{"name":"(anonymous_5)","decl":{"start":{"line":60,"column":28},"end":{"line":60,"column":29}},"loc":{"start":{"line":60,"column":37},"end":{"line":60,"column":68}},"line":60}},"branchMap":{},"s":{"0":0,"1":0,"2":0,"3":0,"4":0,"5":0,"6":0,"7":0,"8":0,"9":0,"10":0},"f":{"0":0,"1":0,"2":0,"3":0,"4":0,"5":0},"b":{}}
,"/Users/phucla/training/react-training/RN-rxjs/screens/Messages.tsx": {"path":"/Users/phucla/training/react-training/RN-rxjs/screens/Messages.tsx","statementMap":{"0":{"start":{"line":36,"column":17},"end":{"line":112,"column":1}},"1":{"start":{"line":37,"column":21},"end":{"line":37,"column":31}},"2":{"start":{"line":38,"column":34},"end":{"line":38,"column":61}},"3":{"start":{"line":39,"column":32},"end":{"line":39,"column":52}},"4":{"start":{"line":40,"column":26},"end":{"line":43,"column":4}},"5":{"start":{"line":45,"column":19},"end":{"line":45,"column":61}},"6":{"start":{"line":47,"column":2},"end":{"line":63,"column":8}},"7":{"start":{"line":48,"column":16},"end":{"line":48,"column":54}},"8":{"start":{"line":49,"column":4},"end":{"line":57,"column":6}},"9":{"start":{"line":51,"column":21},"end":{"line":53,"column":8}},"10":{"start":{"line":52,"column":8},"end":{"line":52,"column":58}},"11":{"start":{"line":56,"column":6},"end":{"line":56,"column":23}},"12":{"start":{"line":59,"column":17},"end":{"line":59,"column":35}},"13":{"start":{"line":60,"column":22},"end":{"line":60,"column":66}},"14":{"start":{"line":60,"column":58},"end":{"line":60,"column":64}},"15":{"start":{"line":61,"column":4},"end":{"line":61,"column":51}},"16":{"start":{"line":61,"column":34},"end":{"line":61,"column":47}},"17":{"start":{"line":65,"column":27},"end":{"line":67,"column":3}},"18":{"start":{"line":66,"column":4},"end":{"line":66,"column":21}},"19":{"start":{"line":69,"column":22},"end":{"line":79,"column":3}},"20":{"start":{"line":70,"column":16},"end":{"line":70,"column":54}},"21":{"start":{"line":71,"column":17},"end":{"line":76,"column":5}},"22":{"start":{"line":77,"column":4},"end":{"line":77,"column":19}},"23":{"start":{"line":78,"column":4},"end":{"line":78,"column":18}},"24":{"start":{"line":81,"column":2},"end":{"line":111,"column":4}},"25":{"start":{"line":91,"column":35},"end":{"line":91,"column":81}},"26":{"start":{"line":92,"column":24},"end":{"line":92,"column":70}},"27":{"start":{"line":95,"column":9},"end":{"line":95,"column":111}},"28":{"start":{"line":96,"column":30},"end":{"line":96,"column":37}},"29":{"start":{"line":114,"column":46},"end":{"line":114,"column":123}}},"fnMap":{"0":{"name":"(anonymous_0)","decl":{"start":{"line":36,"column":17},"end":{"line":36,"column":18}},"loc":{"start":{"line":36,"column":42},"end":{"line":112,"column":1}},"line":36},"1":{"name":"(anonymous_1)","decl":{"start":{"line":47,"column":12},"end":{"line":47,"column":13}},"loc":{"start":{"line":47,"column":18},"end":{"line":63,"column":3}},"line":47},"2":{"name":"(anonymous_2)","decl":{"start":{"line":51,"column":10},"end":{"line":51,"column":11}},"loc":{"start":{"line":51,"column":21},"end":{"line":53,"column":8}},"line":51},"3":{"name":"(anonymous_3)","decl":{"start":{"line":51,"column":33},"end":{"line":51,"column":34}},"loc":{"start":{"line":51,"column":38},"end":{"line":53,"column":7}},"line":51},"4":{"name":"(anonymous_4)","decl":{"start":{"line":55,"column":15},"end":{"line":55,"column":16}},"loc":{"start":{"line":55,"column":40},"end":{"line":57,"column":5}},"line":55},"5":{"name":"(anonymous_5)","decl":{"start":{"line":60,"column":50},"end":{"line":60,"column":51}},"loc":{"start":{"line":60,"column":58},"end":{"line":60,"column":64}},"line":60},"6":{"name":"(anonymous_6)","decl":{"start":{"line":61,"column":24},"end":{"line":61,"column":25}},"loc":{"start":{"line":61,"column":32},"end":{"line":61,"column":49}},"line":61},"7":{"name":"(anonymous_7)","decl":{"start":{"line":65,"column":27},"end":{"line":65,"column":28}},"loc":{"start":{"line":65,"column":46},"end":{"line":67,"column":3}},"line":65},"8":{"name":"(anonymous_8)","decl":{"start":{"line":69,"column":22},"end":{"line":69,"column":23}},"loc":{"start":{"line":69,"column":28},"end":{"line":79,"column":3}},"line":69},"9":{"name":"(anonymous_9)","decl":{"start":{"line":91,"column":29},"end":{"line":91,"column":30}},"loc":{"start":{"line":91,"column":35},"end":{"line":91,"column":81}},"line":91},"10":{"name":"(anonymous_10)","decl":{"start":{"line":92,"column":18},"end":{"line":92,"column":19}},"loc":{"start":{"line":92,"column":24},"end":{"line":92,"column":70}},"line":92},"11":{"name":"(anonymous_11)","decl":{"start":{"line":94,"column":20},"end":{"line":94,"column":21}},"loc":{"start":{"line":95,"column":9},"end":{"line":95,"column":111}},"line":95},"12":{"name":"(anonymous_12)","decl":{"start":{"line":96,"column":22},"end":{"line":96,"column":23}},"loc":{"start":{"line":96,"column":30},"end":{"line":96,"column":37}},"line":96},"13":{"name":"(anonymous_13)","decl":{"start":{"line":114,"column":23},"end":{"line":114,"column":24}},"loc":{"start":{"line":114,"column":46},"end":{"line":114,"column":123}},"line":114}},"branchMap":{"0":{"loc":{"start":{"line":114,"column":26},"end":{"line":114,"column":38}},"type":"default-arg","locations":[{"start":{"line":114,"column":36},"end":{"line":114,"column":38}}],"line":114},"1":{"loc":{"start":{"line":114,"column":60},"end":{"line":114,"column":93}},"type":"cond-expr","locations":[{"start":{"line":114,"column":70},"end":{"line":114,"column":88}},{"start":{"line":114,"column":91},"end":{"line":114,"column":93}}],"line":114}},"s":{"0":0,"1":0,"2":0,"3":0,"4":0,"5":0,"6":0,"7":0,"8":0,"9":0,"10":0,"11":0,"12":0,"13":0,"14":0,"15":0,"16":0,"17":0,"18":0,"19":0,"20":0,"21":0,"22":0,"23":0,"24":0,"25":0,"26":0,"27":0,"28":0,"29":0},"f":{"0":0,"1":0,"2":0,"3":0,"4":0,"5":0,"6":0,"7":0,"8":0,"9":0,"10":0,"11":0,"12":0,"13":0},"b":{"0":[0],"1":[0,0]}}
,"/Users/phucla/training/react-training/RN-rxjs/screens/NotFoundScreen.tsx": {"path":"/Users/phucla/training/react-training/RN-rxjs/screens/NotFoundScreen.tsx","statementMap":{"0":{"start":{"line":10,"column":2},"end":{"line":17,"column":4}},"1":{"start":{"line":13,"column":39},"end":{"line":13,"column":65}},"2":{"start":{"line":20,"column":15},"end":{"line":40,"column":2}}},"fnMap":{"0":{"name":"NotFoundScreen","decl":{"start":{"line":7,"column":24},"end":{"line":7,"column":38}},"loc":{"start":{"line":9,"column":53},"end":{"line":18,"column":1}},"line":9},"1":{"name":"(anonymous_1)","decl":{"start":{"line":13,"column":33},"end":{"line":13,"column":34}},"loc":{"start":{"line":13,"column":39},"end":{"line":13,"column":65}},"line":13}},"branchMap":{},"s":{"0":0,"1":0,"2":0},"f":{"0":0,"1":0},"b":{}}
,"/Users/phucla/training/react-training/RN-rxjs/screens/TabOneScreen.tsx": {"path":"/Users/phucla/training/react-training/RN-rxjs/screens/TabOneScreen.tsx","statementMap":{"0":{"start":{"line":11,"column":21},"end":{"line":23,"column":1}},"1":{"start":{"line":13,"column":4},"end":{"line":22,"column":6}},"2":{"start":{"line":18,"column":12},"end":{"line":18,"column":90}},"3":{"start":{"line":26,"column":34},"end":{"line":26,"column":44}}},"fnMap":{"0":{"name":"(anonymous_0)","decl":{"start":{"line":11,"column":21},"end":{"line":11,"column":22}},"loc":{"start":{"line":11,"column":37},"end":{"line":23,"column":1}},"line":11},"1":{"name":"(anonymous_1)","decl":{"start":{"line":17,"column":22},"end":{"line":17,"column":23}},"loc":{"start":{"line":18,"column":12},"end":{"line":18,"column":90}},"line":18},"2":{"name":"(anonymous_2)","decl":{"start":{"line":26,"column":23},"end":{"line":26,"column":24}},"loc":{"start":{"line":26,"column":34},"end":{"line":26,"column":44}},"line":26}},"branchMap":{},"s":{"0":0,"1":0,"2":0,"3":0},"f":{"0":0,"1":0,"2":0},"b":{}}
,"/Users/phucla/training/react-training/RN-rxjs/screens/TabTwoScreen.tsx": {"path":"/Users/phucla/training/react-training/RN-rxjs/screens/TabTwoScreen.tsx","statementMap":{"0":{"start":{"line":18,"column":21},"end":{"line":34,"column":1}},"1":{"start":{"line":19,"column":21},"end":{"line":21,"column":3}},"2":{"start":{"line":20,"column":4},"end":{"line":20,"column":26}},"3":{"start":{"line":23,"column":2},"end":{"line":33,"column":4}},"4":{"start":{"line":30,"column":30},"end":{"line":30,"column":39}},"5":{"start":{"line":37,"column":28},"end":{"line":38,"column":1}},"6":{"start":{"line":41,"column":34},"end":{"line":43,"column":3}}},"fnMap":{"0":{"name":"(anonymous_0)","decl":{"start":{"line":18,"column":21},"end":{"line":18,"column":22}},"loc":{"start":{"line":18,"column":62},"end":{"line":34,"column":1}},"line":18},"1":{"name":"(anonymous_1)","decl":{"start":{"line":19,"column":21},"end":{"line":19,"column":22}},"loc":{"start":{"line":20,"column":4},"end":{"line":20,"column":26}},"line":20},"2":{"name":"(anonymous_2)","decl":{"start":{"line":30,"column":22},"end":{"line":30,"column":23}},"loc":{"start":{"line":30,"column":30},"end":{"line":30,"column":39}},"line":30},"3":{"name":"(anonymous_3)","decl":{"start":{"line":41,"column":23},"end":{"line":41,"column":24}},"loc":{"start":{"line":41,"column":34},"end":{"line":43,"column":3}},"line":41}},"branchMap":{},"s":{"0":0,"1":0,"2":0,"3":0,"4":0,"5":0,"6":0},"f":{"0":0,"1":0,"2":0,"3":0},"b":{}}
,"/Users/phucla/training/react-training/RN-rxjs/screens/TableOrder.tsx": {"path":"/Users/phucla/training/react-training/RN-rxjs/screens/TableOrder.tsx","statementMap":{"0":{"start":{"line":32,"column":19},"end":{"line":123,"column":1}},"1":{"start":{"line":40,"column":21},"end":{"line":40,"column":31}},"2":{"start":{"line":41,"column":42},"end":{"line":41,"column":71}},"3":{"start":{"line":42,"column":2},"end":{"line":46,"column":18}},"4":{"start":{"line":43,"column":4},"end":{"line":45,"column":5}},"5":{"start":{"line":44,"column":6},"end":{"line":44,"column":31}},"6":{"start":{"line":48,"column":14},"end":{"line":48,"column":111}},"7":{"start":{"line":48,"column":62},"end":{"line":48,"column":107}},"8":{"start":{"line":49,"column":2},"end":{"line":49,"column":39}},"9":{"start":{"line":51,"column":22},"end":{"line":61,"column":3}},"10":{"start":{"line":52,"column":16},"end":{"line":52,"column":90}},"11":{"start":{"line":52,"column":53},"end":{"line":52,"column":84}},"12":{"start":{"line":53,"column":4},"end":{"line":58,"column":6}},"13":{"start":{"line":59,"column":4},"end":{"line":59,"column":33}},"14":{"start":{"line":60,"column":4},"end":{"line":60,"column":23}},"15":{"start":{"line":63,"column":20},"end":{"line":65,"column":3}},"16":{"start":{"line":64,"column":4},"end":{"line":64,"column":17}},"17":{"start":{"line":67,"column":20},"end":{"line":69,"column":3}},"18":{"start":{"line":68,"column":4},"end":{"line":68,"column":17}},"19":{"start":{"line":71,"column":31},"end":{"line":73,"column":3}},"20":{"start":{"line":72,"column":4},"end":{"line":72,"column":49}},"21":{"start":{"line":75,"column":23},"end":{"line":77,"column":3}},"22":{"start":{"line":76,"column":4},"end":{"line":76,"column":32}},"23":{"start":{"line":79,"column":2},"end":{"line":122,"column":4}},"24":{"start":{"line":89,"column":12},"end":{"line":97,"column":14}},"25":{"start":{"line":117,"column":41},"end":{"line":117,"column":60}},"26":{"start":{"line":125,"column":46},"end":{"line":125,"column":123}}},"fnMap":{"0":{"name":"(anonymous_0)","decl":{"start":{"line":32,"column":19},"end":{"line":32,"column":20}},"loc":{"start":{"line":39,"column":23},"end":{"line":123,"column":1}},"line":39},"1":{"name":"(anonymous_1)","decl":{"start":{"line":42,"column":12},"end":{"line":42,"column":13}},"loc":{"start":{"line":42,"column":17},"end":{"line":46,"column":3}},"line":42},"2":{"name":"(anonymous_2)","decl":{"start":{"line":48,"column":36},"end":{"line":48,"column":37}},"loc":{"start":{"line":48,"column":62},"end":{"line":48,"column":107}},"line":48},"3":{"name":"(anonymous_3)","decl":{"start":{"line":51,"column":22},"end":{"line":51,"column":23}},"loc":{"start":{"line":51,"column":28},"end":{"line":61,"column":3}},"line":51},"4":{"name":"(anonymous_4)","decl":{"start":{"line":52,"column":38},"end":{"line":52,"column":39}},"loc":{"start":{"line":52,"column":53},"end":{"line":52,"column":84}},"line":52},"5":{"name":"(anonymous_5)","decl":{"start":{"line":63,"column":20},"end":{"line":63,"column":21}},"loc":{"start":{"line":63,"column":36},"end":{"line":65,"column":3}},"line":63},"6":{"name":"(anonymous_6)","decl":{"start":{"line":67,"column":20},"end":{"line":67,"column":21}},"loc":{"start":{"line":67,"column":36},"end":{"line":69,"column":3}},"line":67},"7":{"name":"(anonymous_7)","decl":{"start":{"line":71,"column":31},"end":{"line":71,"column":32}},"loc":{"start":{"line":71,"column":50},"end":{"line":73,"column":3}},"line":71},"8":{"name":"(anonymous_8)","decl":{"start":{"line":75,"column":23},"end":{"line":75,"column":24}},"loc":{"start":{"line":75,"column":29},"end":{"line":77,"column":3}},"line":75},"9":{"name":"(anonymous_9)","decl":{"start":{"line":88,"column":30},"end":{"line":88,"column":31}},"loc":{"start":{"line":89,"column":12},"end":{"line":97,"column":14}},"line":89},"10":{"name":"(anonymous_10)","decl":{"start":{"line":117,"column":35},"end":{"line":117,"column":36}},"loc":{"start":{"line":117,"column":41},"end":{"line":117,"column":60}},"line":117},"11":{"name":"(anonymous_11)","decl":{"start":{"line":125,"column":23},"end":{"line":125,"column":24}},"loc":{"start":{"line":125,"column":46},"end":{"line":125,"column":123}},"line":125}},"branchMap":{"0":{"loc":{"start":{"line":43,"column":4},"end":{"line":45,"column":5}},"type":"if","locations":[{"start":{"line":43,"column":4},"end":{"line":45,"column":5}},{"start":{"line":43,"column":4},"end":{"line":45,"column":5}}],"line":43},"1":{"loc":{"start":{"line":72,"column":19},"end":{"line":72,"column":48}},"type":"cond-expr","locations":[{"start":{"line":72,"column":27},"end":{"line":72,"column":44}},{"start":{"line":72,"column":47},"end":{"line":72,"column":48}}],"line":72},"2":{"loc":{"start":{"line":125,"column":26},"end":{"line":125,"column":38}},"type":"default-arg","locations":[{"start":{"line":125,"column":36},"end":{"line":125,"column":38}}],"line":125},"3":{"loc":{"start":{"line":125,"column":60},"end":{"line":125,"column":93}},"type":"cond-expr","locations":[{"start":{"line":125,"column":70},"end":{"line":125,"column":88}},{"start":{"line":125,"column":91},"end":{"line":125,"column":93}}],"line":125}},"s":{"0":0,"1":0,"2":0,"3":0,"4":0,"5":0,"6":0,"7":0,"8":0,"9":0,"10":0,"11":0,"12":0,"13":0,"14":0,"15":0,"16":0,"17":0,"18":0,"19":0,"20":0,"21":0,"22":0,"23":0,"24":0,"25":0,"26":0},"f":{"0":0,"1":0,"2":0,"3":0,"4":0,"5":0,"6":0,"7":0,"8":0,"9":0,"10":0,"11":0},"b":{"0":[0,0],"1":[0,0],"2":[0],"3":[0,0]}}
,"/Users/phucla/training/react-training/RN-rxjs/screens/TableOrder1.tsx": {"path":"/Users/phucla/training/react-training/RN-rxjs/screens/TableOrder1.tsx","statementMap":{"0":{"start":{"line":34,"column":21},"end":{"line":133,"column":1}},"1":{"start":{"line":39,"column":21},"end":{"line":39,"column":31}},"2":{"start":{"line":40,"column":42},"end":{"line":40,"column":54}},"3":{"start":{"line":41,"column":34},"end":{"line":41,"column":45}},"4":{"start":{"line":42,"column":2},"end":{"line":51,"column":8}},"5":{"start":{"line":43,"column":4},"end":{"line":47,"column":8}},"6":{"start":{"line":45,"column":8},"end":{"line":45,"column":36}},"7":{"start":{"line":46,"column":8},"end":{"line":46,"column":32}},"8":{"start":{"line":48,"column":6},"end":{"line":48,"column":39}},"9":{"start":{"line":50,"column":6},"end":{"line":50,"column":61}},"10":{"start":{"line":50,"column":19},"end":{"line":50,"column":61}},"11":{"start":{"line":52,"column":2},"end":{"line":55,"column":4}},"12":{"start":{"line":53,"column":4},"end":{"line":53,"column":46}},"13":{"start":{"line":54,"column":4},"end":{"line":54,"column":35}},"14":{"start":{"line":57,"column":14},"end":{"line":57,"column":111}},"15":{"start":{"line":57,"column":62},"end":{"line":57,"column":107}},"16":{"start":{"line":58,"column":2},"end":{"line":58,"column":39}},"17":{"start":{"line":60,"column":22},"end":{"line":70,"column":3}},"18":{"start":{"line":61,"column":16},"end":{"line":61,"column":90}},"19":{"start":{"line":61,"column":53},"end":{"line":61,"column":84}},"20":{"start":{"line":62,"column":4},"end":{"line":67,"column":6}},"21":{"start":{"line":68,"column":4},"end":{"line":68,"column":33}},"22":{"start":{"line":69,"column":4},"end":{"line":69,"column":23}},"23":{"start":{"line":72,"column":20},"end":{"line":74,"column":3}},"24":{"start":{"line":73,"column":4},"end":{"line":73,"column":30}},"25":{"start":{"line":76,"column":20},"end":{"line":78,"column":3}},"26":{"start":{"line":77,"column":4},"end":{"line":77,"column":30}},"27":{"start":{"line":80,"column":31},"end":{"line":83,"column":3}},"28":{"start":{"line":82,"column":4},"end":{"line":82,"column":61}},"29":{"start":{"line":85,"column":23},"end":{"line":87,"column":3}},"30":{"start":{"line":86,"column":4},"end":{"line":86,"column":32}},"31":{"start":{"line":89,"column":2},"end":{"line":132,"column":4}},"32":{"start":{"line":99,"column":12},"end":{"line":107,"column":14}},"33":{"start":{"line":127,"column":41},"end":{"line":127,"column":60}},"34":{"start":{"line":136,"column":27},"end":{"line":138,"column":1}},"35":{"start":{"line":137,"column":30},"end":{"line":137,"column":47}}},"fnMap":{"0":{"name":"(anonymous_0)","decl":{"start":{"line":34,"column":21},"end":{"line":34,"column":22}},"loc":{"start":{"line":38,"column":23},"end":{"line":133,"column":1}},"line":38},"1":{"name":"(anonymous_1)","decl":{"start":{"line":42,"column":12},"end":{"line":42,"column":13}},"loc":{"start":{"line":42,"column":17},"end":{"line":51,"column":3}},"line":42},"2":{"name":"(anonymous_2)","decl":{"start":{"line":44,"column":17},"end":{"line":44,"column":18}},"loc":{"start":{"line":44,"column":23},"end":{"line":47,"column":7}},"line":44},"3":{"name":"(anonymous_3)","decl":{"start":{"line":50,"column":13},"end":{"line":50,"column":14}},"loc":{"start":{"line":50,"column":19},"end":{"line":50,"column":61}},"line":50},"4":{"name":"(anonymous_4)","decl":{"start":{"line":52,"column":13},"end":{"line":52,"column":14}},"loc":{"start":{"line":52,"column":19},"end":{"line":55,"column":3}},"line":52},"5":{"name":"(anonymous_5)","decl":{"start":{"line":57,"column":36},"end":{"line":57,"column":37}},"loc":{"start":{"line":57,"column":62},"end":{"line":57,"column":107}},"line":57},"6":{"name":"(anonymous_6)","decl":{"start":{"line":60,"column":22},"end":{"line":60,"column":23}},"loc":{"start":{"line":60,"column":28},"end":{"line":70,"column":3}},"line":60},"7":{"name":"(anonymous_7)","decl":{"start":{"line":61,"column":38},"end":{"line":61,"column":39}},"loc":{"start":{"line":61,"column":53},"end":{"line":61,"column":84}},"line":61},"8":{"name":"(anonymous_8)","decl":{"start":{"line":72,"column":20},"end":{"line":72,"column":21}},"loc":{"start":{"line":72,"column":36},"end":{"line":74,"column":3}},"line":72},"9":{"name":"(anonymous_9)","decl":{"start":{"line":76,"column":20},"end":{"line":76,"column":21}},"loc":{"start":{"line":76,"column":36},"end":{"line":78,"column":3}},"line":76},"10":{"name":"(anonymous_10)","decl":{"start":{"line":80,"column":31},"end":{"line":80,"column":32}},"loc":{"start":{"line":80,"column":50},"end":{"line":83,"column":3}},"line":80},"11":{"name":"(anonymous_11)","decl":{"start":{"line":85,"column":23},"end":{"line":85,"column":24}},"loc":{"start":{"line":85,"column":29},"end":{"line":87,"column":3}},"line":85},"12":{"name":"(anonymous_12)","decl":{"start":{"line":98,"column":30},"end":{"line":98,"column":31}},"loc":{"start":{"line":99,"column":12},"end":{"line":107,"column":14}},"line":99},"13":{"name":"(anonymous_13)","decl":{"start":{"line":127,"column":35},"end":{"line":127,"column":36}},"loc":{"start":{"line":127,"column":41},"end":{"line":127,"column":60}},"line":127},"14":{"name":"(anonymous_14)","decl":{"start":{"line":137,"column":15},"end":{"line":137,"column":16}},"loc":{"start":{"line":137,"column":30},"end":{"line":137,"column":47}},"line":137}},"branchMap":{"0":{"loc":{"start":{"line":82,"column":31},"end":{"line":82,"column":60}},"type":"cond-expr","locations":[{"start":{"line":82,"column":39},"end":{"line":82,"column":56}},{"start":{"line":82,"column":59},"end":{"line":82,"column":60}}],"line":82}},"s":{"0":0,"1":0,"2":0,"3":0,"4":0,"5":0,"6":0,"7":0,"8":0,"9":0,"10":0,"11":0,"12":0,"13":0,"14":0,"15":0,"16":0,"17":0,"18":0,"19":0,"20":0,"21":0,"22":0,"23":0,"24":0,"25":0,"26":0,"27":0,"28":0,"29":0,"30":0,"31":0,"32":0,"33":0,"34":0,"35":0},"f":{"0":0,"1":0,"2":0,"3":0,"4":0,"5":0,"6":0,"7":0,"8":0,"9":0,"10":0,"11":0,"12":0,"13":0,"14":0},"b":{"0":[0,0]}}
,"/Users/phucla/training/react-training/RN-rxjs/screens/Users.tsx": {"path":"/Users/phucla/training/react-training/RN-rxjs/screens/Users.tsx","statementMap":{"0":{"start":{"line":19,"column":18},"end":{"line":71,"column":1}},"1":{"start":{"line":20,"column":28},"end":{"line":20,"column":40}},"2":{"start":{"line":21,"column":21},"end":{"line":21,"column":36}},"3":{"start":{"line":23,"column":2},"end":{"line":40,"column":8}},"4":{"start":{"line":24,"column":16},"end":{"line":24,"column":51}},"5":{"start":{"line":25,"column":17},"end":{"line":25,"column":35}},"6":{"start":{"line":27,"column":18},"end":{"line":27,"column":62}},"7":{"start":{"line":27,"column":54},"end":{"line":27,"column":60}},"8":{"start":{"line":28,"column":19},"end":{"line":33,"column":5}},"9":{"start":{"line":30,"column":21},"end":{"line":32,"column":8}},"10":{"start":{"line":31,"column":8},"end":{"line":31,"column":58}},"11":{"start":{"line":34,"column":20},"end":{"line":34,"column":48}},"12":{"start":{"line":35,"column":4},"end":{"line":39,"column":6}},"13":{"start":{"line":37,"column":21},"end":{"line":37,"column":62}},"14":{"start":{"line":37,"column":39},"end":{"line":37,"column":61}},"15":{"start":{"line":38,"column":6},"end":{"line":38,"column":22}},"16":{"start":{"line":42,"column":23},"end":{"line":49,"column":3}},"17":{"start":{"line":43,"column":4},"end":{"line":48,"column":6}},"18":{"start":{"line":44,"column":6},"end":{"line":44,"column":41}},"19":{"start":{"line":45,"column":6},"end":{"line":45,"column":33}},"20":{"start":{"line":47,"column":6},"end":{"line":47,"column":22}},"21":{"start":{"line":51,"column":2},"end":{"line":70,"column":3}},"22":{"start":{"line":65,"column":11},"end":{"line":65,"column":83}},"23":{"start":{"line":66,"column":32},"end":{"line":66,"column":39}}},"fnMap":{"0":{"name":"(anonymous_0)","decl":{"start":{"line":19,"column":18},"end":{"line":19,"column":19}},"loc":{"start":{"line":19,"column":24},"end":{"line":71,"column":1}},"line":19},"1":{"name":"(anonymous_1)","decl":{"start":{"line":23,"column":12},"end":{"line":23,"column":13}},"loc":{"start":{"line":23,"column":18},"end":{"line":40,"column":3}},"line":23},"2":{"name":"(anonymous_2)","decl":{"start":{"line":27,"column":46},"end":{"line":27,"column":47}},"loc":{"start":{"line":27,"column":54},"end":{"line":27,"column":60}},"line":27},"3":{"name":"(anonymous_3)","decl":{"start":{"line":30,"column":10},"end":{"line":30,"column":11}},"loc":{"start":{"line":30,"column":21},"end":{"line":32,"column":8}},"line":30},"4":{"name":"(anonymous_4)","decl":{"start":{"line":30,"column":33},"end":{"line":30,"column":34}},"loc":{"start":{"line":30,"column":38},"end":{"line":32,"column":7}},"line":30},"5":{"name":"(anonymous_5)","decl":{"start":{"line":35,"column":22},"end":{"line":35,"column":23}},"loc":{"start":{"line":35,"column":41},"end":{"line":39,"column":5}},"line":35},"6":{"name":"(anonymous_6)","decl":{"start":{"line":37,"column":34},"end":{"line":37,"column":35}},"loc":{"start":{"line":37,"column":39},"end":{"line":37,"column":61}},"line":37},"7":{"name":"(anonymous_7)","decl":{"start":{"line":42,"column":23},"end":{"line":42,"column":24}},"loc":{"start":{"line":42,"column":29},"end":{"line":49,"column":3}},"line":42},"8":{"name":"(anonymous_8)","decl":{"start":{"line":43,"column":38},"end":{"line":43,"column":39}},"loc":{"start":{"line":43,"column":44},"end":{"line":46,"column":5}},"line":43},"9":{"name":"(anonymous_9)","decl":{"start":{"line":46,"column":13},"end":{"line":46,"column":14}},"loc":{"start":{"line":46,"column":20},"end":{"line":48,"column":5}},"line":46},"10":{"name":"(anonymous_10)","decl":{"start":{"line":64,"column":22},"end":{"line":64,"column":23}},"loc":{"start":{"line":65,"column":11},"end":{"line":65,"column":83}},"line":65},"11":{"name":"(anonymous_11)","decl":{"start":{"line":66,"column":24},"end":{"line":66,"column":25}},"loc":{"start":{"line":66,"column":32},"end":{"line":66,"column":39}},"line":66}},"branchMap":{},"s":{"0":0,"1":0,"2":0,"3":0,"4":0,"5":0,"6":0,"7":0,"8":0,"9":0,"10":0,"11":0,"12":0,"13":0,"14":0,"15":0,"16":0,"17":0,"18":0,"19":0,"20":0,"21":0,"22":0,"23":0},"f":{"0":0,"1":0,"2":0,"3":0,"4":0,"5":0,"6":0,"7":0,"8":0,"9":0,"10":0,"11":0},"b":{}}
,"/Users/phucla/training/react-training/RN-rxjs/screens/styles/Login.styles.ts": {"path":"/Users/phucla/training/react-training/RN-rxjs/screens/styles/Login.styles.ts","statementMap":{"0":{"start":{"line":4,"column":27},"end":{"line":60,"column":1}}},"fnMap":{},"branchMap":{},"s":{"0":0},"f":{},"b":{}}
,"/Users/phucla/training/react-training/RN-rxjs/screens/styles/Messages.styles.ts": {"path":"/Users/phucla/training/react-training/RN-rxjs/screens/styles/Messages.styles.ts","statementMap":{"0":{"start":{"line":4,"column":30},"end":{"line":35,"column":1}}},"fnMap":{},"branchMap":{},"s":{"0":0},"f":{},"b":{}}
,"/Users/phucla/training/react-training/RN-rxjs/screens/styles/TabOneScreen.styles.ts": {"path":"/Users/phucla/training/react-training/RN-rxjs/screens/styles/TabOneScreen.styles.ts","statementMap":{"0":{"start":{"line":3,"column":34},"end":{"line":27,"column":1}}},"fnMap":{},"branchMap":{},"s":{"0":0},"f":{},"b":{}}
,"/Users/phucla/training/react-training/RN-rxjs/screens/styles/TabTwoScreen.styles.ts": {"path":"/Users/phucla/training/react-training/RN-rxjs/screens/styles/TabTwoScreen.styles.ts","statementMap":{"0":{"start":{"line":3,"column":34},"end":{"line":26,"column":1}}},"fnMap":{},"branchMap":{"0":{"loc":{"start":{"line":6,"column":15},"end":{"line":6,"column":43}},"type":"binary-expr","locations":[{"start":{"line":6,"column":15},"end":{"line":6,"column":38}},{"start":{"line":6,"column":42},"end":{"line":6,"column":43}}],"line":6}},"s":{"0":0},"f":{},"b":{"0":[0,0]}}
,"/Users/phucla/training/react-training/RN-rxjs/screens/styles/TableOrder.styles.ts": {"path":"/Users/phucla/training/react-training/RN-rxjs/screens/styles/TableOrder.styles.ts","statementMap":{"0":{"start":{"line":4,"column":32},"end":{"line":66,"column":1}}},"fnMap":{},"branchMap":{},"s":{"0":0},"f":{},"b":{}}
,"/Users/phucla/training/react-training/RN-rxjs/services/Auth.tsx": {"path":"/Users/phucla/training/react-training/RN-rxjs/services/Auth.tsx","statementMap":{"0":{"start":{"line":9,"column":17},"end":{"line":48,"column":1}},"1":{"start":{"line":10,"column":44},"end":{"line":10,"column":67}},"2":{"start":{"line":11,"column":21},"end":{"line":11,"column":68}},"3":{"start":{"line":13,"column":2},"end":{"line":45,"column":8}},"4":{"start":{"line":14,"column":17},"end":{"line":14,"column":35}},"5":{"start":{"line":15,"column":4},"end":{"line":44,"column":6}},"6":{"start":{"line":16,"column":6},"end":{"line":16,"column":29}},"7":{"start":{"line":17,"column":6},"end":{"line":43,"column":7}},"8":{"start":{"line":18,"column":24},"end":{"line":18,"column":71}},"9":{"start":{"line":19,"column":37},"end":{"line":23,"column":9}},"10":{"start":{"line":25,"column":36},"end":{"line":29,"column":9}},"11":{"start":{"line":30,"column":8},"end":{"line":39,"column":10}},"12":{"start":{"line":31,"column":10},"end":{"line":34,"column":11}},"13":{"start":{"line":32,"column":12},"end":{"line":32,"column":44}},"14":{"start":{"line":33,"column":12},"end":{"line":33,"column":18}},"15":{"start":{"line":36,"column":10},"end":{"line":38,"column":12}},"16":{"start":{"line":37,"column":12},"end":{"line":37,"column":44}},"17":{"start":{"line":40,"column":8},"end":{"line":42,"column":10}},"18":{"start":{"line":47,"column":2},"end":{"line":47,"column":57}}},"fnMap":{"0":{"name":"(anonymous_0)","decl":{"start":{"line":9,"column":17},"end":{"line":9,"column":18}},"loc":{"start":{"line":9,"column":35},"end":{"line":48,"column":1}},"line":9},"1":{"name":"(anonymous_1)","decl":{"start":{"line":13,"column":12},"end":{"line":13,"column":13}},"loc":{"start":{"line":13,"column":18},"end":{"line":45,"column":3}},"line":13},"2":{"name":"(anonymous_2)","decl":{"start":{"line":15,"column":30},"end":{"line":15,"column":31}},"loc":{"start":{"line":15,"column":38},"end":{"line":44,"column":5}},"line":15},"3":{"name":"(anonymous_3)","decl":{"start":{"line":30,"column":66},"end":{"line":30,"column":67}},"loc":{"start":{"line":30,"column":78},"end":{"line":39,"column":9}},"line":30},"4":{"name":"(anonymous_4)","decl":{"start":{"line":36,"column":64},"end":{"line":36,"column":65}},"loc":{"start":{"line":36,"column":70},"end":{"line":38,"column":11}},"line":36}},"branchMap":{"0":{"loc":{"start":{"line":17,"column":6},"end":{"line":43,"column":7}},"type":"if","locations":[{"start":{"line":17,"column":6},"end":{"line":43,"column":7}},{"start":{"line":17,"column":6},"end":{"line":43,"column":7}}],"line":17},"1":{"loc":{"start":{"line":31,"column":10},"end":{"line":34,"column":11}},"type":"if","locations":[{"start":{"line":31,"column":10},"end":{"line":34,"column":11}},{"start":{"line":31,"column":10},"end":{"line":34,"column":11}}],"line":31},"2":{"loc":{"start":{"line":47,"column":9},"end":{"line":47,"column":56}},"type":"cond-expr","locations":[{"start":{"line":47,"column":25},"end":{"line":47,"column":38}},{"start":{"line":47,"column":41},"end":{"line":47,"column":56}}],"line":47}},"s":{"0":0,"1":0,"2":0,"3":0,"4":0,"5":0,"6":0,"7":0,"8":0,"9":0,"10":0,"11":0,"12":0,"13":0,"14":0,"15":0,"16":0,"17":0,"18":0},"f":{"0":0,"1":0,"2":0,"3":0,"4":0},"b":{"0":[0,0],"1":[0,0],"2":[0,0]}}
,"/Users/phucla/training/react-training/RN-rxjs/services/index.ts": {"path":"/Users/phucla/training/react-training/RN-rxjs/services/index.ts","statementMap":{"0":{"start":{"line":8,"column":30},"end":{"line":17,"column":1}},"1":{"start":{"line":19,"column":20},"end":{"line":19,"column":78}},"2":{"start":{"line":24,"column":25},"end":{"line":28,"column":1}},"3":{"start":{"line":25,"column":2},"end":{"line":27,"column":4}},"4":{"start":{"line":26,"column":4},"end":{"line":26,"column":23}}},"fnMap":{"0":{"name":"(anonymous_0)","decl":{"start":{"line":24,"column":25},"end":{"line":24,"column":26}},"loc":{"start":{"line":24,"column":65},"end":{"line":28,"column":1}},"line":24},"1":{"name":"(anonymous_1)","decl":{"start":{"line":25,"column":70},"end":{"line":25,"column":71}},"loc":{"start":{"line":25,"column":80},"end":{"line":27,"column":3}},"line":25}},"branchMap":{"0":{"loc":{"start":{"line":19,"column":20},"end":{"line":19,"column":78}},"type":"binary-expr","locations":[{"start":{"line":19,"column":20},"end":{"line":19,"column":36}},{"start":{"line":19,"column":40},"end":{"line":19,"column":78}}],"line":19}},"s":{"0":0,"1":0,"2":0,"3":0,"4":0},"f":{"0":0,"1":0},"b":{"0":[0,0]}}
,"/Users/phucla/training/react-training/RN-rxjs/state/RXState.tsx": {"path":"/Users/phucla/training/react-training/RN-rxjs/state/RXState.tsx","statementMap":{"0":{"start":{"line":6,"column":28},"end":{"line":6,"column":47}},"1":{"start":{"line":6,"column":34},"end":{"line":6,"column":47}},"2":{"start":{"line":8,"column":29},"end":{"line":8,"column":141}},"3":{"start":{"line":8,"column":66},"end":{"line":8,"column":141}},"4":{"start":{"line":8,"column":101},"end":{"line":8,"column":135}},"5":{"start":{"line":10,"column":27},"end":{"line":16,"column":3}},"6":{"start":{"line":11,"column":2},"end":{"line":16,"column":3}},"7":{"start":{"line":13,"column":39},"end":{"line":13,"column":83}},"8":{"start":{"line":18,"column":23},"end":{"line":53,"column":1}},"9":{"start":{"line":18,"column":51},"end":{"line":18,"column":56}},"10":{"start":{"line":19,"column":18},"end":{"line":20,"column":98}},"11":{"start":{"line":20,"column":27},"end":{"line":20,"column":92}},"12":{"start":{"line":20,"column":60},"end":{"line":20,"column":90}},"13":{"start":{"line":22,"column":2},"end":{"line":52,"column":3}},"14":{"start":{"line":23,"column":4},"end":{"line":51,"column":5}},"15":{"start":{"line":24,"column":28},"end":{"line":26,"column":7}},"16":{"start":{"line":30,"column":8},"end":{"line":30,"column":21}},"17":{"start":{"line":31,"column":8},"end":{"line":31,"column":47}},"18":{"start":{"line":32,"column":8},"end":{"line":32,"column":23}},"19":{"start":{"line":33,"column":8},"end":{"line":33,"column":49}},"20":{"start":{"line":37,"column":8},"end":{"line":39,"column":34}},"21":{"start":{"line":43,"column":8},"end":{"line":43,"column":40}},"22":{"start":{"line":47,"column":8},"end":{"line":49,"column":9}},"23":{"start":{"line":63,"column":21},"end":{"line":65,"column":3}},"24":{"start":{"line":67,"column":29},"end":{"line":69,"column":3}},"25":{"start":{"line":72,"column":4},"end":{"line":72,"column":40}},"26":{"start":{"line":76,"column":4},"end":{"line":76,"column":30}}},"fnMap":{"0":{"name":"(anonymous_0)","decl":{"start":{"line":6,"column":28},"end":{"line":6,"column":29}},"loc":{"start":{"line":6,"column":34},"end":{"line":6,"column":47}},"line":6},"1":{"name":"(anonymous_1)","decl":{"start":{"line":8,"column":29},"end":{"line":8,"column":30}},"loc":{"start":{"line":8,"column":66},"end":{"line":8,"column":141}},"line":8},"2":{"name":"(anonymous_2)","decl":{"start":{"line":8,"column":85},"end":{"line":8,"column":86}},"loc":{"start":{"line":8,"column":101},"end":{"line":8,"column":135}},"line":8},"3":{"name":"(anonymous_3)","decl":{"start":{"line":10,"column":27},"end":{"line":10,"column":28}},"loc":{"start":{"line":11,"column":2},"end":{"line":16,"column":3}},"line":11},"4":{"name":"(anonymous_4)","decl":{"start":{"line":13,"column":9},"end":{"line":13,"column":10}},"loc":{"start":{"line":13,"column":39},"end":{"line":13,"column":83}},"line":13},"5":{"name":"(anonymous_5)","decl":{"start":{"line":18,"column":23},"end":{"line":18,"column":24}},"loc":{"start":{"line":18,"column":81},"end":{"line":53,"column":1}},"line":18},"6":{"name":"(anonymous_6)","decl":{"start":{"line":18,"column":35},"end":{"line":18,"column":36}},"loc":{"start":{"line":18,"column":51},"end":{"line":18,"column":56}},"line":18},"7":{"name":"(anonymous_7)","decl":{"start":{"line":20,"column":12},"end":{"line":20,"column":13}},"loc":{"start":{"line":20,"column":27},"end":{"line":20,"column":92}},"line":20},"8":{"name":"(anonymous_8)","decl":{"start":{"line":20,"column":44},"end":{"line":20,"column":45}},"loc":{"start":{"line":20,"column":60},"end":{"line":20,"column":90}},"line":20},"9":{"name":"(anonymous_9)","decl":{"start":{"line":22,"column":9},"end":{"line":22,"column":10}},"loc":{"start":{"line":22,"column":41},"end":{"line":52,"column":3}},"line":22},"10":{"name":"(anonymous_10)","decl":{"start":{"line":29,"column":6},"end":{"line":29,"column":7}},"loc":{"start":{"line":29,"column":30},"end":{"line":34,"column":7}},"line":29},"11":{"name":"(anonymous_11)","decl":{"start":{"line":36,"column":6},"end":{"line":36,"column":7}},"loc":{"start":{"line":36,"column":26},"end":{"line":40,"column":7}},"line":36},"12":{"name":"(anonymous_12)","decl":{"start":{"line":42,"column":6},"end":{"line":42,"column":7}},"loc":{"start":{"line":42,"column":29},"end":{"line":44,"column":7}},"line":42},"13":{"name":"(anonymous_13)","decl":{"start":{"line":46,"column":6},"end":{"line":46,"column":7}},"loc":{"start":{"line":46,"column":15},"end":{"line":50,"column":7}},"line":46},"14":{"name":"(anonymous_14)","decl":{"start":{"line":71,"column":2},"end":{"line":71,"column":3}},"loc":{"start":{"line":71,"column":20},"end":{"line":73,"column":3}},"line":71},"15":{"name":"(anonymous_15)","decl":{"start":{"line":75,"column":2},"end":{"line":75,"column":3}},"loc":{"start":{"line":75,"column":11},"end":{"line":77,"column":3}},"line":75}},"branchMap":{"0":{"loc":{"start":{"line":10,"column":43},"end":{"line":10,"column":61}},"type":"default-arg","locations":[{"start":{"line":10,"column":55},"end":{"line":10,"column":61}}],"line":10},"1":{"loc":{"start":{"line":18,"column":24},"end":{"line":18,"column":56}},"type":"default-arg","locations":[{"start":{"line":18,"column":35},"end":{"line":18,"column":56}}],"line":18}},"s":{"0":2,"1":2,"2":2,"3":0,"4":0,"5":2,"6":2,"7":2,"8":2,"9":0,"10":2,"11":1,"12":1,"13":2,"14":2,"15":2,"16":2,"17":2,"18":2,"19":2,"20":2,"21":1,"22":6,"23":2,"24":2,"25":2,"26":2},"f":{"0":2,"1":0,"2":0,"3":2,"4":2,"5":2,"6":0,"7":1,"8":1,"9":2,"10":2,"11":2,"12":1,"13":6,"14":2,"15":2},"b":{"0":[0],"1":[0]},"_coverageSchema":"1a1c01bbd47fc00a2c39e90264f33305004495a9","hash":"3611623564bdcede39b05d4eb03004e7fd80da65"}
,"/Users/phucla/training/react-training/RN-rxjs/store/categories.ts": {"path":"/Users/phucla/training/react-training/RN-rxjs/store/categories.ts","statementMap":{"0":{"start":{"line":23,"column":26},"end":{"line":108,"column":4}},"1":{"start":{"line":28,"column":16},"end":{"line":28,"column":22}},"2":{"start":{"line":29,"column":16},"end":{"line":29,"column":22}},"3":{"start":{"line":30,"column":20},"end":{"line":30,"column":30}},"4":{"start":{"line":31,"column":26},"end":{"line":31,"column":42}},"5":{"start":{"line":34,"column":4},"end":{"line":37,"column":6}},"6":{"start":{"line":38,"column":4},"end":{"line":39,"column":65}},"7":{"start":{"line":43,"column":4},"end":{"line":69,"column":5}},"8":{"start":{"line":45,"column":8},"end":{"line":48,"column":10}},"9":{"start":{"line":51,"column":8},"end":{"line":54,"column":10}},"10":{"start":{"line":57,"column":8},"end":{"line":60,"column":9}},"11":{"start":{"line":63,"column":8},"end":{"line":66,"column":9}},"12":{"start":{"line":68,"column":15},"end":{"line":68,"column":28}},"13":{"start":{"line":73,"column":4},"end":{"line":73,"column":70}},"14":{"start":{"line":77,"column":4},"end":{"line":77,"column":70}},"15":{"start":{"line":81,"column":4},"end":{"line":81,"column":69}},"16":{"start":{"line":85,"column":16},"end":{"line":85,"column":63}},"17":{"start":{"line":87,"column":4},"end":{"line":98,"column":8}},"18":{"start":{"line":89,"column":21},"end":{"line":91,"column":8}},"19":{"start":{"line":90,"column":8},"end":{"line":90,"column":86}},"20":{"start":{"line":94,"column":6},"end":{"line":97,"column":8}},"21":{"start":{"line":102,"column":4},"end":{"line":102,"column":28}},"22":{"start":{"line":106,"column":4},"end":{"line":106,"column":22}}},"fnMap":{"0":{"name":"(anonymous_0)","decl":{"start":{"line":33,"column":2},"end":{"line":33,"column":3}},"loc":{"start":{"line":33,"column":16},"end":{"line":40,"column":3}},"line":33},"1":{"name":"(anonymous_1)","decl":{"start":{"line":42,"column":2},"end":{"line":42,"column":3}},"loc":{"start":{"line":42,"column":48},"end":{"line":70,"column":3}},"line":42},"2":{"name":"(anonymous_2)","decl":{"start":{"line":72,"column":2},"end":{"line":72,"column":3}},"loc":{"start":{"line":72,"column":19},"end":{"line":74,"column":3}},"line":72},"3":{"name":"(anonymous_3)","decl":{"start":{"line":76,"column":2},"end":{"line":76,"column":3}},"loc":{"start":{"line":76,"column":19},"end":{"line":78,"column":3}},"line":76},"4":{"name":"(anonymous_4)","decl":{"start":{"line":80,"column":2},"end":{"line":80,"column":3}},"loc":{"start":{"line":80,"column":26},"end":{"line":82,"column":3}},"line":80},"5":{"name":"(anonymous_5)","decl":{"start":{"line":84,"column":2},"end":{"line":84,"column":3}},"loc":{"start":{"line":84,"column":18},"end":{"line":99,"column":3}},"line":84},"6":{"name":"(anonymous_6)","decl":{"start":{"line":89,"column":10},"end":{"line":89,"column":11}},"loc":{"start":{"line":89,"column":21},"end":{"line":91,"column":8}},"line":89},"7":{"name":"(anonymous_7)","decl":{"start":{"line":89,"column":33},"end":{"line":89,"column":34}},"loc":{"start":{"line":89,"column":38},"end":{"line":91,"column":7}},"line":89},"8":{"name":"(anonymous_8)","decl":{"start":{"line":93,"column":15},"end":{"line":93,"column":16}},"loc":{"start":{"line":93,"column":23},"end":{"line":98,"column":6}},"line":93},"9":{"name":"(anonymous_9)","decl":{"start":{"line":101,"column":2},"end":{"line":101,"column":3}},"loc":{"start":{"line":101,"column":16},"end":{"line":103,"column":3}},"line":101},"10":{"name":"(anonymous_10)","decl":{"start":{"line":105,"column":2},"end":{"line":105,"column":3}},"loc":{"start":{"line":105,"column":13},"end":{"line":107,"column":3}},"line":105}},"branchMap":{"0":{"loc":{"start":{"line":43,"column":4},"end":{"line":69,"column":5}},"type":"switch","locations":[{"start":{"line":44,"column":6},"end":{"line":48,"column":10}},{"start":{"line":50,"column":6},"end":{"line":54,"column":10}},{"start":{"line":56,"column":6},"end":{"line":60,"column":9}},{"start":{"line":62,"column":6},"end":{"line":66,"column":9}},{"start":{"line":68,"column":6},"end":{"line":68,"column":28}}],"line":43}},"s":{"0":0,"1":0,"2":0,"3":0,"4":0,"5":0,"6":0,"7":0,"8":0,"9":0,"10":0,"11":0,"12":0,"13":0,"14":0,"15":0,"16":0,"17":0,"18":0,"19":0,"20":0,"21":0,"22":0},"f":{"0":0,"1":0,"2":0,"3":0,"4":0,"5":0,"6":0,"7":0,"8":0,"9":0,"10":0},"b":{"0":[0,0,0,0,0]}}
,"/Users/phucla/training/react-training/RN-rxjs/streams/categories.ts": {"path":"/Users/phucla/training/react-training/RN-rxjs/streams/categories.ts","statementMap":{"0":{"start":{"line":5,"column":17},"end":{"line":5,"column":64}},"1":{"start":{"line":7,"column":23},"end":{"line":12,"column":1}},"2":{"start":{"line":9,"column":17},"end":{"line":11,"column":4}},"3":{"start":{"line":10,"column":4},"end":{"line":10,"column":66}}},"fnMap":{"0":{"name":"(anonymous_0)","decl":{"start":{"line":9,"column":6},"end":{"line":9,"column":7}},"loc":{"start":{"line":9,"column":17},"end":{"line":11,"column":4}},"line":9},"1":{"name":"(anonymous_1)","decl":{"start":{"line":9,"column":29},"end":{"line":9,"column":30}},"loc":{"start":{"line":9,"column":34},"end":{"line":11,"column":3}},"line":9}},"branchMap":{},"s":{"0":0,"1":0,"2":0,"3":0},"f":{"0":0,"1":0},"b":{}}
,"/Users/phucla/training/react-training/RN-rxjs/streams/index.tsx": {"path":"/Users/phucla/training/react-training/RN-rxjs/streams/index.tsx","statementMap":{"0":{"start":{"line":9,"column":29},"end":{"line":36,"column":1}},"1":{"start":{"line":13,"column":5},"end":{"line":36,"column":1}},"2":{"start":{"line":14,"column":2},"end":{"line":35,"column":3}},"3":{"start":{"line":16,"column":6},"end":{"line":16,"column":18}},"4":{"start":{"line":17,"column":6},"end":{"line":19,"column":7}},"5":{"start":{"line":23,"column":6},"end":{"line":23,"column":96}},"6":{"start":{"line":23,"column":66},"end":{"line":23,"column":95}},"7":{"start":{"line":27,"column":6},"end":{"line":27,"column":37}},"8":{"start":{"line":31,"column":6},"end":{"line":33,"column":8}}},"fnMap":{"0":{"name":"(anonymous_0)","decl":{"start":{"line":9,"column":29},"end":{"line":9,"column":30}},"loc":{"start":{"line":13,"column":5},"end":{"line":36,"column":1}},"line":13},"1":{"name":"(anonymous_1)","decl":{"start":{"line":13,"column":5},"end":{"line":13,"column":6}},"loc":{"start":{"line":13,"column":17},"end":{"line":36,"column":1}},"line":13},"2":{"name":"(anonymous_2)","decl":{"start":{"line":15,"column":4},"end":{"line":15,"column":5}},"loc":{"start":{"line":15,"column":23},"end":{"line":20,"column":5}},"line":15},"3":{"name":"(anonymous_3)","decl":{"start":{"line":22,"column":4},"end":{"line":22,"column":5}},"loc":{"start":{"line":22,"column":24},"end":{"line":24,"column":5}},"line":22},"4":{"name":"(anonymous_4)","decl":{"start":{"line":23,"column":47},"end":{"line":23,"column":48}},"loc":{"start":{"line":23,"column":66},"end":{"line":23,"column":95}},"line":23},"5":{"name":"(anonymous_5)","decl":{"start":{"line":26,"column":4},"end":{"line":26,"column":5}},"loc":{"start":{"line":26,"column":27},"end":{"line":28,"column":5}},"line":26},"6":{"name":"(anonymous_6)","decl":{"start":{"line":30,"column":4},"end":{"line":30,"column":5}},"loc":{"start":{"line":30,"column":13},"end":{"line":34,"column":5}},"line":30}},"branchMap":{},"s":{"0":1,"1":1,"2":1,"3":1,"4":1,"5":1,"6":1,"7":0,"8":2},"f":{"0":1,"1":1,"2":1,"3":1,"4":1,"5":0,"6":2},"b":{},"_coverageSchema":"1a1c01bbd47fc00a2c39e90264f33305004495a9","hash":"ba1d0b6034e21adfafc4b6bf5a62e27f569d17d9"}
,"/Users/phucla/training/react-training/RN-rxjs/streams/orders.ts": {"path":"/Users/phucla/training/react-training/RN-rxjs/streams/orders.ts","statementMap":{"0":{"start":{"line":5,"column":12},"end":{"line":5,"column":57}},"1":{"start":{"line":6,"column":20},"end":{"line":11,"column":1}},"2":{"start":{"line":8,"column":17},"end":{"line":10,"column":4}},"3":{"start":{"line":9,"column":4},"end":{"line":9,"column":56}},"4":{"start":{"line":13,"column":28},"end":{"line":25,"column":1}},"5":{"start":{"line":14,"column":2},"end":{"line":14,"column":17}},"6":{"start":{"line":15,"column":2},"end":{"line":24,"column":3}},"7":{"start":{"line":16,"column":13},"end":{"line":16,"column":27}},"8":{"start":{"line":18,"column":6},"end":{"line":22,"column":8}}},"fnMap":{"0":{"name":"(anonymous_0)","decl":{"start":{"line":8,"column":6},"end":{"line":8,"column":7}},"loc":{"start":{"line":8,"column":17},"end":{"line":10,"column":4}},"line":8},"1":{"name":"(anonymous_1)","decl":{"start":{"line":8,"column":29},"end":{"line":8,"column":30}},"loc":{"start":{"line":8,"column":34},"end":{"line":10,"column":3}},"line":8},"2":{"name":"(anonymous_2)","decl":{"start":{"line":13,"column":28},"end":{"line":13,"column":29}},"loc":{"start":{"line":13,"column":43},"end":{"line":25,"column":1}},"line":13},"3":{"name":"(anonymous_3)","decl":{"start":{"line":16,"column":8},"end":{"line":16,"column":9}},"loc":{"start":{"line":16,"column":13},"end":{"line":16,"column":27}},"line":16},"4":{"name":"(anonymous_4)","decl":{"start":{"line":17,"column":8},"end":{"line":17,"column":9}},"loc":{"start":{"line":17,"column":18},"end":{"line":23,"column":5}},"line":17}},"branchMap":{},"s":{"0":0,"1":0,"2":0,"3":0,"4":0,"5":0,"6":0,"7":0,"8":0},"f":{"0":0,"1":0,"2":0,"3":0,"4":0},"b":{}}
,"/Users/phucla/training/react-training/RN-rxjs/streams/tables.ts": {"path":"/Users/phucla/training/react-training/RN-rxjs/streams/tables.ts","statementMap":{"0":{"start":{"line":5,"column":17},"end":{"line":5,"column":62}},"1":{"start":{"line":7,"column":27},"end":{"line":12,"column":3}},"2":{"start":{"line":9,"column":18},"end":{"line":11,"column":6}},"3":{"start":{"line":10,"column":6},"end":{"line":10,"column":58}},"4":{"start":{"line":14,"column":27},"end":{"line":17,"column":1}},"5":{"start":{"line":15,"column":14},"end":{"line":15,"column":72}},"6":{"start":{"line":16,"column":2},"end":{"line":16,"column":17}}},"fnMap":{"0":{"name":"(anonymous_0)","decl":{"start":{"line":9,"column":8},"end":{"line":9,"column":9}},"loc":{"start":{"line":9,"column":18},"end":{"line":11,"column":6}},"line":9},"1":{"name":"(anonymous_1)","decl":{"start":{"line":9,"column":29},"end":{"line":9,"column":30}},"loc":{"start":{"line":9,"column":34},"end":{"line":11,"column":5}},"line":9},"2":{"name":"(anonymous_2)","decl":{"start":{"line":14,"column":27},"end":{"line":14,"column":28}},"loc":{"start":{"line":14,"column":59},"end":{"line":17,"column":1}},"line":14}},"branchMap":{},"s":{"0":0,"1":0,"2":0,"3":0,"4":0,"5":0,"6":0},"f":{"0":0,"1":0,"2":0},"b":{}}
,"/Users/phucla/training/react-training/RN-rxjs/themes/color.ts": {"path":"/Users/phucla/training/react-training/RN-rxjs/themes/color.ts","statementMap":{"0":{"start":{"line":12,"column":21},"end":{"line":67,"column":1}}},"fnMap":{},"branchMap":{},"s":{"0":3},"f":{},"b":{},"_coverageSchema":"1a1c01bbd47fc00a2c39e90264f33305004495a9","hash":"4f830de4ac43da9f6fa9ab8a285bb81c5ba95613"}
,"/Users/phucla/training/react-training/RN-rxjs/themes/images.ts": {"path":"/Users/phucla/training/react-training/RN-rxjs/themes/images.ts","statementMap":{"0":{"start":{"line":1,"column":22},"end":{"line":4,"column":1}}},"fnMap":{},"branchMap":{},"s":{"0":3},"f":{},"b":{},"_coverageSchema":"1a1c01bbd47fc00a2c39e90264f33305004495a9","hash":"2cc982b13ce8a4b22114c44014ac030127ae8dbf"}
,"/Users/phucla/training/react-training/RN-rxjs/themes/index.ts": {"path":"/Users/phucla/training/react-training/RN-rxjs/themes/index.ts","statementMap":{},"fnMap":{},"branchMap":{},"s":{},"f":{},"b":{},"_coverageSchema":"1a1c01bbd47fc00a2c39e90264f33305004495a9","hash":"302d56e8128000185b29be54f0e28505c5812672"}
,"/Users/phucla/training/react-training/RN-rxjs/themes/palette.ts": {"path":"/Users/phucla/training/react-training/RN-rxjs/themes/palette.ts","statementMap":{"0":{"start":{"line":1,"column":23},"end":{"line":17,"column":1}}},"fnMap":{},"branchMap":{},"s":{"0":3},"f":{},"b":{},"_coverageSchema":"1a1c01bbd47fc00a2c39e90264f33305004495a9","hash":"7a5bc1a89f36681b21821adebf86f2c740604f5e"}
,"/Users/phucla/training/react-training/RN-rxjs/themes/spacing.ts": {"path":"/Users/phucla/training/react-training/RN-rxjs/themes/spacing.ts","statementMap":{"0":{"start":{"line":42,"column":23},"end":{"line":42,"column":56}},"1":{"start":{"line":44,"column":33},"end":{"line":44,"column":57}}},"fnMap":{},"branchMap":{},"s":{"0":3,"1":3},"f":{},"b":{},"_coverageSchema":"1a1c01bbd47fc00a2c39e90264f33305004495a9","hash":"4d1f23e2435c963ebcf5eeec1e9b3cc5f8e37c02"}
}
